<?xml version="1.0" encoding="UTF-8"?>
<testsuite xmlns:xsi="http://www.w3.org/2001/XMLSchema-instance" xsi:noNamespaceSchemaLocation="https://maven.apache.org/surefire/maven-surefire-plugin/xsd/surefire-test-report.xsd" name="hello.ApplicationTests" time="2.199" tests="2" errors="0" skipped="0" failures="2">
  <properties>
    <property name="sun.desktop" value="gnome"/>
    <property name="awt.toolkit" value="sun.awt.X11.XToolkit"/>
    <property name="file.encoding.pkg" value="sun.io"/>
    <property name="java.specification.version" value="1.8"/>
    <property name="sun.cpu.isalist" value=""/>
    <property name="sun.jnu.encoding" value="UTF-8"/>
    <property name="java.class.path" value="/home/ale/git/gs-crud-with-vaadin/complete/target/test-classes:/home/ale/git/gs-crud-with-vaadin/complete/target/classes:/home/ale/.m2/repository/org/springframework/boot/spring-boot-starter-data-jpa/2.0.3.RELEASE/spring-boot-starter-data-jpa-2.0.3.RELEASE.jar:/home/ale/.m2/repository/org/springframework/boot/spring-boot-starter/2.0.3.RELEASE/spring-boot-starter-2.0.3.RELEASE.jar:/home/ale/.m2/repository/org/springframework/boot/spring-boot/2.0.3.RELEASE/spring-boot-2.0.3.RELEASE.jar:/home/ale/.m2/repository/org/springframework/boot/spring-boot-autoconfigure/2.0.3.RELEASE/spring-boot-autoconfigure-2.0.3.RELEASE.jar:/home/ale/.m2/repository/org/springframework/boot/spring-boot-starter-logging/2.0.3.RELEASE/spring-boot-starter-logging-2.0.3.RELEASE.jar:/home/ale/.m2/repository/ch/qos/logback/logback-classic/1.2.3/logback-classic-1.2.3.jar:/home/ale/.m2/repository/ch/qos/logback/logback-core/1.2.3/logback-core-1.2.3.jar:/home/ale/.m2/repository/org/apache/logging/log4j/log4j-to-slf4j/2.10.0/log4j-to-slf4j-2.10.0.jar:/home/ale/.m2/repository/org/apache/logging/log4j/log4j-api/2.10.0/log4j-api-2.10.0.jar:/home/ale/.m2/repository/org/slf4j/jul-to-slf4j/1.7.25/jul-to-slf4j-1.7.25.jar:/home/ale/.m2/repository/javax/annotation/javax.annotation-api/1.3.2/javax.annotation-api-1.3.2.jar:/home/ale/.m2/repository/org/yaml/snakeyaml/1.19/snakeyaml-1.19.jar:/home/ale/.m2/repository/org/springframework/boot/spring-boot-starter-aop/2.0.3.RELEASE/spring-boot-starter-aop-2.0.3.RELEASE.jar:/home/ale/.m2/repository/org/springframework/spring-aop/5.0.7.RELEASE/spring-aop-5.0.7.RELEASE.jar:/home/ale/.m2/repository/org/aspectj/aspectjweaver/1.8.13/aspectjweaver-1.8.13.jar:/home/ale/.m2/repository/org/springframework/boot/spring-boot-starter-jdbc/2.0.3.RELEASE/spring-boot-starter-jdbc-2.0.3.RELEASE.jar:/home/ale/.m2/repository/com/zaxxer/HikariCP/2.7.9/HikariCP-2.7.9.jar:/home/ale/.m2/repository/org/springframework/spring-jdbc/5.0.7.RELEASE/spring-jdbc-5.0.7.RELEASE.jar:/home/ale/.m2/repository/org/hibernate/hibernate-core/5.2.17.Final/hibernate-core-5.2.17.Final.jar:/home/ale/.m2/repository/org/jboss/logging/jboss-logging/3.3.2.Final/jboss-logging-3.3.2.Final.jar:/home/ale/.m2/repository/org/hibernate/javax/persistence/hibernate-jpa-2.1-api/1.0.2.Final/hibernate-jpa-2.1-api-1.0.2.Final.jar:/home/ale/.m2/repository/org/javassist/javassist/3.22.0-GA/javassist-3.22.0-GA.jar:/home/ale/.m2/repository/antlr/antlr/2.7.7/antlr-2.7.7.jar:/home/ale/.m2/repository/org/jboss/jandex/2.0.3.Final/jandex-2.0.3.Final.jar:/home/ale/.m2/repository/com/fasterxml/classmate/1.3.4/classmate-1.3.4.jar:/home/ale/.m2/repository/dom4j/dom4j/1.6.1/dom4j-1.6.1.jar:/home/ale/.m2/repository/org/hibernate/common/hibernate-commons-annotations/5.0.1.Final/hibernate-commons-annotations-5.0.1.Final.jar:/home/ale/.m2/repository/javax/transaction/javax.transaction-api/1.2/javax.transaction-api-1.2.jar:/home/ale/.m2/repository/org/springframework/data/spring-data-jpa/2.0.8.RELEASE/spring-data-jpa-2.0.8.RELEASE.jar:/home/ale/.m2/repository/org/springframework/data/spring-data-commons/2.0.8.RELEASE/spring-data-commons-2.0.8.RELEASE.jar:/home/ale/.m2/repository/org/springframework/spring-orm/5.0.7.RELEASE/spring-orm-5.0.7.RELEASE.jar:/home/ale/.m2/repository/org/springframework/spring-context/5.0.7.RELEASE/spring-context-5.0.7.RELEASE.jar:/home/ale/.m2/repository/org/springframework/spring-expression/5.0.7.RELEASE/spring-expression-5.0.7.RELEASE.jar:/home/ale/.m2/repository/org/springframework/spring-tx/5.0.7.RELEASE/spring-tx-5.0.7.RELEASE.jar:/home/ale/.m2/repository/org/springframework/spring-beans/5.0.7.RELEASE/spring-beans-5.0.7.RELEASE.jar:/home/ale/.m2/repository/org/slf4j/slf4j-api/1.7.25/slf4j-api-1.7.25.jar:/home/ale/.m2/repository/org/springframework/spring-aspects/5.0.7.RELEASE/spring-aspects-5.0.7.RELEASE.jar:/home/ale/.m2/repository/com/vaadin/vaadin-spring-boot-starter/10.0.1/vaadin-spring-boot-starter-10.0.1.jar:/home/ale/.m2/repository/com/vaadin/vaadin-spring/10.0.0/vaadin-spring-10.0.0.jar:/home/ale/.m2/repository/com/vaadin/flow-server/1.0.0/flow-server-1.0.0.jar:/home/ale/.m2/repository/com/google/gwt/gwt-elemental/2.8.2/gwt-elemental-2.8.2.jar:/home/ale/.m2/repository/commons-fileupload/commons-fileupload/1.3.3/commons-fileupload-1.3.3.jar:/home/ale/.m2/repository/commons-io/commons-io/2.5/commons-io-2.5.jar:/home/ale/.m2/repository/org/jsoup/jsoup/1.10.3/jsoup-1.10.3.jar:/home/ale/.m2/repository/com/helger/ph-css/6.1.1/ph-css-6.1.1.jar:/home/ale/.m2/repository/com/helger/ph-commons/9.0.2/ph-commons-9.0.2.jar:/home/ale/.m2/repository/com/google/code/findbugs/jsr305/3.0.2/jsr305-3.0.2.jar:/home/ale/.m2/repository/com/googlecode/gentyref/gentyref/1.2.0/gentyref-1.2.0.jar:/home/ale/.m2/repository/com/vaadin/flow-push/1.0.0/flow-push-1.0.0.jar:/home/ale/.m2/repository/com/vaadin/external/atmosphere/atmosphere-runtime/2.4.24.vaadin1/atmosphere-runtime-2.4.24.vaadin1.jar:/home/ale/.m2/repository/com/vaadin/external/slf4j/vaadin-slf4j-jdk14/1.6.1/vaadin-slf4j-jdk14-1.6.1.jar:/home/ale/.m2/repository/com/vaadin/flow-client/1.0.0/flow-client-1.0.0.jar:/home/ale/.m2/repository/org/springframework/spring-webmvc/5.0.7.RELEASE/spring-webmvc-5.0.7.RELEASE.jar:/home/ale/.m2/repository/org/springframework/spring-websocket/5.0.7.RELEASE/spring-websocket-5.0.7.RELEASE.jar:/home/ale/.m2/repository/com/vaadin/vaadin-core/10.0.1/vaadin-core-10.0.1.jar:/home/ale/.m2/repository/com/vaadin/flow-html-components/1.0.0/flow-html-components-1.0.0.jar:/home/ale/.m2/repository/com/vaadin/flow-data/1.0.0/flow-data-1.0.0.jar:/home/ale/.m2/repository/javax/validation/validation-api/2.0.1.Final/validation-api-2.0.1.Final.jar:/home/ale/.m2/repository/com/vaadin/vaadin-lumo-theme/1.0.0/vaadin-lumo-theme-1.0.0.jar:/home/ale/.m2/repository/org/webjars/bowergithub/polymerelements/iron-flex-layout/2.0.3/iron-flex-layout-2.0.3.jar:/home/ale/.m2/repository/org/webjars/bowergithub/polymer/polymer/2.6.0/polymer-2.6.0.jar:/home/ale/.m2/repository/org/webjars/bowergithub/webcomponents/shadycss/1.2.1/shadycss-1.2.1.jar:/home/ale/.m2/repository/org/webjars/bowergithub/webcomponents/webcomponentsjs/1.2.0/webcomponentsjs-1.2.0.jar:/home/ale/.m2/repository/com/vaadin/vaadin-button-flow/1.0.0/vaadin-button-flow-1.0.0.jar:/home/ale/.m2/repository/org/webjars/bowergithub/vaadin/vaadin-button/2.0.1/vaadin-button-2.0.1.jar:/home/ale/.m2/repository/org/webjars/bowergithub/vaadin/vaadin-control-state-mixin/2.0.3/vaadin-control-state-mixin-2.0.3.jar:/home/ale/.m2/repository/org/webjars/bowergithub/vaadin/vaadin-element-mixin/1.0.2/vaadin-element-mixin-1.0.2.jar:/home/ale/.m2/repository/org/webjars/bowergithub/vaadin/vaadin-usage-statistics/1.0.8/vaadin-usage-statistics-1.0.8.jar:/home/ale/.m2/repository/org/webjars/bowergithub/vaadin/vaadin-development-mode-detector/1.0.3/vaadin-development-mode-detector-1.0.3.jar:/home/ale/.m2/repository/org/webjars/bowergithub/vaadin/vaadin-lumo-styles/1.1.1/vaadin-lumo-styles-1.1.1.jar:/home/ale/.m2/repository/org/webjars/bowergithub/vaadin/vaadin-themable-mixin/1.1.6/vaadin-themable-mixin-1.1.6.jar:/home/ale/.m2/repository/com/vaadin/vaadin-checkbox-flow/1.0.0/vaadin-checkbox-flow-1.0.0.jar:/home/ale/.m2/repository/org/webjars/bowergithub/vaadin/vaadin-checkbox/2.1.1/vaadin-checkbox-2.1.1.jar:/home/ale/.m2/repository/com/vaadin/vaadin-combo-box-flow/1.0.0/vaadin-combo-box-flow-1.0.0.jar:/home/ale/.m2/repository/org/webjars/bowergithub/vaadin/vaadin-combo-box/4.0.1/vaadin-combo-box-4.0.1.jar:/home/ale/.m2/repository/org/webjars/bowergithub/polymerelements/iron-resizable-behavior/2.1.0/iron-resizable-behavior-2.1.0.jar:/home/ale/.m2/repository/org/webjars/bowergithub/polymerelements/iron-a11y-announcer/2.1.0/iron-a11y-announcer-2.1.0.jar:/home/ale/.m2/repository/org/webjars/bowergithub/polymerelements/iron-a11y-keys-behavior/2.1.1/iron-a11y-keys-behavior-2.1.1.jar:/home/ale/.m2/repository/org/webjars/bowergithub/vaadin/vaadin-item/2.1.0/vaadin-item-2.1.0.jar:/home/ale/.m2/repository/org/webjars/bowergithub/vaadin/vaadin-material-styles/1.1.2/vaadin-material-styles-1.1.2.jar:/home/ale/.m2/repository/org/webjars/bowergithub/vaadin/vaadin-overlay/3.0.3/vaadin-overlay-3.0.3.jar:/home/ale/.m2/repository/org/webjars/bowergithub/polymerelements/iron-overlay-behavior/2.3.4/iron-overlay-behavior-2.3.4.jar:/home/ale/.m2/repository/org/webjars/bowergithub/polymerelements/iron-fit-behavior/2.2.0/iron-fit-behavior-2.2.0.jar:/home/ale/.m2/repository/com/vaadin/vaadin-date-picker-flow/1.0.0/vaadin-date-picker-flow-1.0.0.jar:/home/ale/.m2/repository/org/webjars/bowergithub/vaadin/vaadin-date-picker/3.0.2/vaadin-date-picker-3.0.2.jar:/home/ale/.m2/repository/org/webjars/bowergithub/polymerelements/iron-media-query/2.1.0/iron-media-query-2.1.0.jar:/home/ale/.m2/repository/com/vaadin/vaadin-dialog-flow/1.0.0/vaadin-dialog-flow-1.0.0.jar:/home/ale/.m2/repository/org/webjars/bowergithub/vaadin/vaadin-dialog/2.0.2/vaadin-dialog-2.0.2.jar:/home/ale/.m2/repository/com/vaadin/vaadin-form-layout-flow/1.0.0/vaadin-form-layout-flow-1.0.0.jar:/home/ale/.m2/repository/org/webjars/bowergithub/vaadin/vaadin-form-layout/2.0.1/vaadin-form-layout-2.0.1.jar:/home/ale/.m2/repository/com/vaadin/vaadin-grid-flow/1.0.0/vaadin-grid-flow-1.0.0.jar:/home/ale/.m2/repository/org/webjars/bowergithub/vaadin/vaadin-grid/5.0.4/vaadin-grid-5.0.4.jar:/home/ale/.m2/repository/org/webjars/bowergithub/polymerelements/iron-scroll-target-behavior/2.1.1/iron-scroll-target-behavior-2.1.1.jar:/home/ale/.m2/repository/org/apache/commons/commons-lang3/3.7/commons-lang3-3.7.jar:/home/ale/.m2/repository/com/vaadin/vaadin-icons-flow/1.0.0/vaadin-icons-flow-1.0.0.jar:/home/ale/.m2/repository/org/webjars/bowergithub/vaadin/vaadin-icons/4.1.4/vaadin-icons-4.1.4.jar:/home/ale/.m2/repository/org/webjars/bowergithub/polymerelements/iron-icon/2.1.0/iron-icon-2.1.0.jar:/home/ale/.m2/repository/org/webjars/bowergithub/polymerelements/iron-meta/2.1.1/iron-meta-2.1.1.jar:/home/ale/.m2/repository/org/webjars/bowergithub/polymerelements/iron-iconset-svg/2.2.1/iron-iconset-svg-2.2.1.jar:/home/ale/.m2/repository/com/vaadin/vaadin-iron-list-flow/1.0.0/vaadin-iron-list-flow-1.0.0.jar:/home/ale/.m2/repository/org/webjars/bowergithub/polymerelements/iron-list/2.0.12/iron-list-2.0.12.jar:/home/ale/.m2/repository/com/vaadin/vaadin-list-box-flow/1.0.0/vaadin-list-box-flow-1.0.0.jar:/home/ale/.m2/repository/org/webjars/bowergithub/vaadin/vaadin-list-box/1.0.2/vaadin-list-box-1.0.2.jar:/home/ale/.m2/repository/org/webjars/bowergithub/vaadin/vaadin-list-mixin/2.0.0/vaadin-list-mixin-2.0.0.jar:/home/ale/.m2/repository/com/vaadin/vaadin-ordered-layout-flow/1.0.0/vaadin-ordered-layout-flow-1.0.0.jar:/home/ale/.m2/repository/org/webjars/bowergithub/vaadin/vaadin-ordered-layout/1.0.2/vaadin-ordered-layout-1.0.2.jar:/home/ale/.m2/repository/com/vaadin/vaadin-progress-bar-flow/1.0.0/vaadin-progress-bar-flow-1.0.0.jar:/home/ale/.m2/repository/org/webjars/bowergithub/vaadin/vaadin-progress-bar/1.0.0/vaadin-progress-bar-1.0.0.jar:/home/ale/.m2/repository/com/vaadin/vaadin-radio-button-flow/1.0.0/vaadin-radio-button-flow-1.0.0.jar:/home/ale/.m2/repository/org/webjars/bowergithub/vaadin/vaadin-radio-button/1.0.1/vaadin-radio-button-1.0.1.jar:/home/ale/.m2/repository/com/vaadin/vaadin-split-layout-flow/1.0.0/vaadin-split-layout-flow-1.0.0.jar:/home/ale/.m2/repository/org/webjars/bowergithub/vaadin/vaadin-split-layout/4.0.0/vaadin-split-layout-4.0.0.jar:/home/ale/.m2/repository/com/vaadin/vaadin-tabs-flow/1.0.0/vaadin-tabs-flow-1.0.0.jar:/home/ale/.m2/repository/org/webjars/bowergithub/vaadin/vaadin-tabs/2.0.0/vaadin-tabs-2.0.0.jar:/home/ale/.m2/repository/com/vaadin/vaadin-text-field-flow/1.0.0/vaadin-text-field-flow-1.0.0.jar:/home/ale/.m2/repository/org/webjars/bowergithub/vaadin/vaadin-text-field/2.0.1/vaadin-text-field-2.0.1.jar:/home/ale/.m2/repository/com/vaadin/vaadin-upload-flow/1.0.0/vaadin-upload-flow-1.0.0.jar:/home/ale/.m2/repository/org/webjars/bowergithub/vaadin/vaadin-upload/4.0.0/vaadin-upload-4.0.0.jar:/home/ale/.m2/repository/com/vaadin/vaadin-notification-flow/1.0.0/vaadin-notification-flow-1.0.0.jar:/home/ale/.m2/repository/org/webjars/bowergithub/vaadin/vaadin-notification/1.0.0/vaadin-notification-1.0.0.jar:/home/ale/.m2/repository/org/springframework/boot/spring-boot-starter-web/2.0.3.RELEASE/spring-boot-starter-web-2.0.3.RELEASE.jar:/home/ale/.m2/repository/org/springframework/boot/spring-boot-starter-json/2.0.3.RELEASE/spring-boot-starter-json-2.0.3.RELEASE.jar:/home/ale/.m2/repository/com/fasterxml/jackson/core/jackson-databind/2.9.6/jackson-databind-2.9.6.jar:/home/ale/.m2/repository/com/fasterxml/jackson/core/jackson-annotations/2.9.0/jackson-annotations-2.9.0.jar:/home/ale/.m2/repository/com/fasterxml/jackson/core/jackson-core/2.9.6/jackson-core-2.9.6.jar:/home/ale/.m2/repository/com/fasterxml/jackson/datatype/jackson-datatype-jdk8/2.9.6/jackson-datatype-jdk8-2.9.6.jar:/home/ale/.m2/repository/com/fasterxml/jackson/datatype/jackson-datatype-jsr310/2.9.6/jackson-datatype-jsr310-2.9.6.jar:/home/ale/.m2/repository/com/fasterxml/jackson/module/jackson-module-parameter-names/2.9.6/jackson-module-parameter-names-2.9.6.jar:/home/ale/.m2/repository/org/springframework/boot/spring-boot-starter-tomcat/2.0.3.RELEASE/spring-boot-starter-tomcat-2.0.3.RELEASE.jar:/home/ale/.m2/repository/org/apache/tomcat/embed/tomcat-embed-core/8.5.31/tomcat-embed-core-8.5.31.jar:/home/ale/.m2/repository/org/apache/tomcat/embed/tomcat-embed-el/8.5.31/tomcat-embed-el-8.5.31.jar:/home/ale/.m2/repository/org/apache/tomcat/embed/tomcat-embed-websocket/8.5.31/tomcat-embed-websocket-8.5.31.jar:/home/ale/.m2/repository/org/hibernate/validator/hibernate-validator/6.0.10.Final/hibernate-validator-6.0.10.Final.jar:/home/ale/.m2/repository/org/springframework/spring-web/5.0.7.RELEASE/spring-web-5.0.7.RELEASE.jar:/home/ale/.m2/repository/com/h2database/h2/1.4.197/h2-1.4.197.jar:/home/ale/.m2/repository/org/springframework/boot/spring-boot-starter-test/2.0.3.RELEASE/spring-boot-starter-test-2.0.3.RELEASE.jar:/home/ale/.m2/repository/org/springframework/boot/spring-boot-test/2.0.3.RELEASE/spring-boot-test-2.0.3.RELEASE.jar:/home/ale/.m2/repository/org/springframework/boot/spring-boot-test-autoconfigure/2.0.3.RELEASE/spring-boot-test-autoconfigure-2.0.3.RELEASE.jar:/home/ale/.m2/repository/com/jayway/jsonpath/json-path/2.4.0/json-path-2.4.0.jar:/home/ale/.m2/repository/net/minidev/json-smart/2.3/json-smart-2.3.jar:/home/ale/.m2/repository/net/minidev/accessors-smart/1.2/accessors-smart-1.2.jar:/home/ale/.m2/repository/org/ow2/asm/asm/5.0.4/asm-5.0.4.jar:/home/ale/.m2/repository/junit/junit/4.12/junit-4.12.jar:/home/ale/.m2/repository/org/assertj/assertj-core/3.9.1/assertj-core-3.9.1.jar:/home/ale/.m2/repository/org/mockito/mockito-core/2.15.0/mockito-core-2.15.0.jar:/home/ale/.m2/repository/net/bytebuddy/byte-buddy/1.7.11/byte-buddy-1.7.11.jar:/home/ale/.m2/repository/net/bytebuddy/byte-buddy-agent/1.7.11/byte-buddy-agent-1.7.11.jar:/home/ale/.m2/repository/org/objenesis/objenesis/2.6/objenesis-2.6.jar:/home/ale/.m2/repository/org/hamcrest/hamcrest-core/1.3/hamcrest-core-1.3.jar:/home/ale/.m2/repository/org/hamcrest/hamcrest-library/1.3/hamcrest-library-1.3.jar:/home/ale/.m2/repository/org/skyscreamer/jsonassert/1.5.0/jsonassert-1.5.0.jar:/home/ale/.m2/repository/com/vaadin/external/google/android-json/0.0.20131108.vaadin1/android-json-0.0.20131108.vaadin1.jar:/home/ale/.m2/repository/org/springframework/spring-core/5.0.7.RELEASE/spring-core-5.0.7.RELEASE.jar:/home/ale/.m2/repository/org/springframework/spring-jcl/5.0.7.RELEASE/spring-jcl-5.0.7.RELEASE.jar:/home/ale/.m2/repository/org/springframework/spring-test/5.0.7.RELEASE/spring-test-5.0.7.RELEASE.jar:/home/ale/.m2/repository/org/xmlunit/xmlunit-core/2.5.1/xmlunit-core-2.5.1.jar:/home/ale/.m2/repository/mysql/mysql-connector-java/5.1.46/mysql-connector-java-5.1.46.jar:/home/ale/.m2/repository/javax/xml/bind/jaxb-api/2.2.11/jaxb-api-2.2.11.jar:/home/ale/.m2/repository/com/sun/xml/bind/jaxb-core/2.2.11/jaxb-core-2.2.11.jar:/home/ale/.m2/repository/com/sun/xml/bind/jaxb-impl/2.2.11/jaxb-impl-2.2.11.jar:/home/ale/.m2/repository/javax/activation/activation/1.1.1/activation-1.1.1.jar:"/>
    <property name="java.vm.vendor" value="Oracle Corporation"/>
    <property name="sun.arch.data.model" value="64"/>
    <property name="java.vendor.url" value="http://java.oracle.com/"/>
    <property name="user.timezone" value=""/>
    <property name="java.vm.specification.version" value="1.8"/>
    <property name="os.name" value="Linux"/>
    <property name="user.country" value="AR"/>
    <property name="sun.java.launcher" value="SUN_STANDARD"/>
    <property name="sun.boot.library.path" value="/usr/lib/jvm/java-8-oracle/jre/lib/amd64"/>
    <property name="sun.java.command" value="/home/ale/git/gs-crud-with-vaadin/complete/target/surefire/surefirebooter9089232559209745221.jar /home/ale/git/gs-crud-with-vaadin/complete/target/surefire 2018-09-05T21-15-53_772-jvmRun1 surefire8075851220156146401tmp surefire_07139504741777015273tmp"/>
    <property name="surefire.test.class.path" value="/home/ale/git/gs-crud-with-vaadin/complete/target/test-classes:/home/ale/git/gs-crud-with-vaadin/complete/target/classes:/home/ale/.m2/repository/org/springframework/boot/spring-boot-starter-data-jpa/2.0.3.RELEASE/spring-boot-starter-data-jpa-2.0.3.RELEASE.jar:/home/ale/.m2/repository/org/springframework/boot/spring-boot-starter/2.0.3.RELEASE/spring-boot-starter-2.0.3.RELEASE.jar:/home/ale/.m2/repository/org/springframework/boot/spring-boot/2.0.3.RELEASE/spring-boot-2.0.3.RELEASE.jar:/home/ale/.m2/repository/org/springframework/boot/spring-boot-autoconfigure/2.0.3.RELEASE/spring-boot-autoconfigure-2.0.3.RELEASE.jar:/home/ale/.m2/repository/org/springframework/boot/spring-boot-starter-logging/2.0.3.RELEASE/spring-boot-starter-logging-2.0.3.RELEASE.jar:/home/ale/.m2/repository/ch/qos/logback/logback-classic/1.2.3/logback-classic-1.2.3.jar:/home/ale/.m2/repository/ch/qos/logback/logback-core/1.2.3/logback-core-1.2.3.jar:/home/ale/.m2/repository/org/apache/logging/log4j/log4j-to-slf4j/2.10.0/log4j-to-slf4j-2.10.0.jar:/home/ale/.m2/repository/org/apache/logging/log4j/log4j-api/2.10.0/log4j-api-2.10.0.jar:/home/ale/.m2/repository/org/slf4j/jul-to-slf4j/1.7.25/jul-to-slf4j-1.7.25.jar:/home/ale/.m2/repository/javax/annotation/javax.annotation-api/1.3.2/javax.annotation-api-1.3.2.jar:/home/ale/.m2/repository/org/yaml/snakeyaml/1.19/snakeyaml-1.19.jar:/home/ale/.m2/repository/org/springframework/boot/spring-boot-starter-aop/2.0.3.RELEASE/spring-boot-starter-aop-2.0.3.RELEASE.jar:/home/ale/.m2/repository/org/springframework/spring-aop/5.0.7.RELEASE/spring-aop-5.0.7.RELEASE.jar:/home/ale/.m2/repository/org/aspectj/aspectjweaver/1.8.13/aspectjweaver-1.8.13.jar:/home/ale/.m2/repository/org/springframework/boot/spring-boot-starter-jdbc/2.0.3.RELEASE/spring-boot-starter-jdbc-2.0.3.RELEASE.jar:/home/ale/.m2/repository/com/zaxxer/HikariCP/2.7.9/HikariCP-2.7.9.jar:/home/ale/.m2/repository/org/springframework/spring-jdbc/5.0.7.RELEASE/spring-jdbc-5.0.7.RELEASE.jar:/home/ale/.m2/repository/org/hibernate/hibernate-core/5.2.17.Final/hibernate-core-5.2.17.Final.jar:/home/ale/.m2/repository/org/jboss/logging/jboss-logging/3.3.2.Final/jboss-logging-3.3.2.Final.jar:/home/ale/.m2/repository/org/hibernate/javax/persistence/hibernate-jpa-2.1-api/1.0.2.Final/hibernate-jpa-2.1-api-1.0.2.Final.jar:/home/ale/.m2/repository/org/javassist/javassist/3.22.0-GA/javassist-3.22.0-GA.jar:/home/ale/.m2/repository/antlr/antlr/2.7.7/antlr-2.7.7.jar:/home/ale/.m2/repository/org/jboss/jandex/2.0.3.Final/jandex-2.0.3.Final.jar:/home/ale/.m2/repository/com/fasterxml/classmate/1.3.4/classmate-1.3.4.jar:/home/ale/.m2/repository/dom4j/dom4j/1.6.1/dom4j-1.6.1.jar:/home/ale/.m2/repository/org/hibernate/common/hibernate-commons-annotations/5.0.1.Final/hibernate-commons-annotations-5.0.1.Final.jar:/home/ale/.m2/repository/javax/transaction/javax.transaction-api/1.2/javax.transaction-api-1.2.jar:/home/ale/.m2/repository/org/springframework/data/spring-data-jpa/2.0.8.RELEASE/spring-data-jpa-2.0.8.RELEASE.jar:/home/ale/.m2/repository/org/springframework/data/spring-data-commons/2.0.8.RELEASE/spring-data-commons-2.0.8.RELEASE.jar:/home/ale/.m2/repository/org/springframework/spring-orm/5.0.7.RELEASE/spring-orm-5.0.7.RELEASE.jar:/home/ale/.m2/repository/org/springframework/spring-context/5.0.7.RELEASE/spring-context-5.0.7.RELEASE.jar:/home/ale/.m2/repository/org/springframework/spring-expression/5.0.7.RELEASE/spring-expression-5.0.7.RELEASE.jar:/home/ale/.m2/repository/org/springframework/spring-tx/5.0.7.RELEASE/spring-tx-5.0.7.RELEASE.jar:/home/ale/.m2/repository/org/springframework/spring-beans/5.0.7.RELEASE/spring-beans-5.0.7.RELEASE.jar:/home/ale/.m2/repository/org/slf4j/slf4j-api/1.7.25/slf4j-api-1.7.25.jar:/home/ale/.m2/repository/org/springframework/spring-aspects/5.0.7.RELEASE/spring-aspects-5.0.7.RELEASE.jar:/home/ale/.m2/repository/com/vaadin/vaadin-spring-boot-starter/10.0.1/vaadin-spring-boot-starter-10.0.1.jar:/home/ale/.m2/repository/com/vaadin/vaadin-spring/10.0.0/vaadin-spring-10.0.0.jar:/home/ale/.m2/repository/com/vaadin/flow-server/1.0.0/flow-server-1.0.0.jar:/home/ale/.m2/repository/com/google/gwt/gwt-elemental/2.8.2/gwt-elemental-2.8.2.jar:/home/ale/.m2/repository/commons-fileupload/commons-fileupload/1.3.3/commons-fileupload-1.3.3.jar:/home/ale/.m2/repository/commons-io/commons-io/2.5/commons-io-2.5.jar:/home/ale/.m2/repository/org/jsoup/jsoup/1.10.3/jsoup-1.10.3.jar:/home/ale/.m2/repository/com/helger/ph-css/6.1.1/ph-css-6.1.1.jar:/home/ale/.m2/repository/com/helger/ph-commons/9.0.2/ph-commons-9.0.2.jar:/home/ale/.m2/repository/com/google/code/findbugs/jsr305/3.0.2/jsr305-3.0.2.jar:/home/ale/.m2/repository/com/googlecode/gentyref/gentyref/1.2.0/gentyref-1.2.0.jar:/home/ale/.m2/repository/com/vaadin/flow-push/1.0.0/flow-push-1.0.0.jar:/home/ale/.m2/repository/com/vaadin/external/atmosphere/atmosphere-runtime/2.4.24.vaadin1/atmosphere-runtime-2.4.24.vaadin1.jar:/home/ale/.m2/repository/com/vaadin/external/slf4j/vaadin-slf4j-jdk14/1.6.1/vaadin-slf4j-jdk14-1.6.1.jar:/home/ale/.m2/repository/com/vaadin/flow-client/1.0.0/flow-client-1.0.0.jar:/home/ale/.m2/repository/org/springframework/spring-webmvc/5.0.7.RELEASE/spring-webmvc-5.0.7.RELEASE.jar:/home/ale/.m2/repository/org/springframework/spring-websocket/5.0.7.RELEASE/spring-websocket-5.0.7.RELEASE.jar:/home/ale/.m2/repository/com/vaadin/vaadin-core/10.0.1/vaadin-core-10.0.1.jar:/home/ale/.m2/repository/com/vaadin/flow-html-components/1.0.0/flow-html-components-1.0.0.jar:/home/ale/.m2/repository/com/vaadin/flow-data/1.0.0/flow-data-1.0.0.jar:/home/ale/.m2/repository/javax/validation/validation-api/2.0.1.Final/validation-api-2.0.1.Final.jar:/home/ale/.m2/repository/com/vaadin/vaadin-lumo-theme/1.0.0/vaadin-lumo-theme-1.0.0.jar:/home/ale/.m2/repository/org/webjars/bowergithub/polymerelements/iron-flex-layout/2.0.3/iron-flex-layout-2.0.3.jar:/home/ale/.m2/repository/org/webjars/bowergithub/polymer/polymer/2.6.0/polymer-2.6.0.jar:/home/ale/.m2/repository/org/webjars/bowergithub/webcomponents/shadycss/1.2.1/shadycss-1.2.1.jar:/home/ale/.m2/repository/org/webjars/bowergithub/webcomponents/webcomponentsjs/1.2.0/webcomponentsjs-1.2.0.jar:/home/ale/.m2/repository/com/vaadin/vaadin-button-flow/1.0.0/vaadin-button-flow-1.0.0.jar:/home/ale/.m2/repository/org/webjars/bowergithub/vaadin/vaadin-button/2.0.1/vaadin-button-2.0.1.jar:/home/ale/.m2/repository/org/webjars/bowergithub/vaadin/vaadin-control-state-mixin/2.0.3/vaadin-control-state-mixin-2.0.3.jar:/home/ale/.m2/repository/org/webjars/bowergithub/vaadin/vaadin-element-mixin/1.0.2/vaadin-element-mixin-1.0.2.jar:/home/ale/.m2/repository/org/webjars/bowergithub/vaadin/vaadin-usage-statistics/1.0.8/vaadin-usage-statistics-1.0.8.jar:/home/ale/.m2/repository/org/webjars/bowergithub/vaadin/vaadin-development-mode-detector/1.0.3/vaadin-development-mode-detector-1.0.3.jar:/home/ale/.m2/repository/org/webjars/bowergithub/vaadin/vaadin-lumo-styles/1.1.1/vaadin-lumo-styles-1.1.1.jar:/home/ale/.m2/repository/org/webjars/bowergithub/vaadin/vaadin-themable-mixin/1.1.6/vaadin-themable-mixin-1.1.6.jar:/home/ale/.m2/repository/com/vaadin/vaadin-checkbox-flow/1.0.0/vaadin-checkbox-flow-1.0.0.jar:/home/ale/.m2/repository/org/webjars/bowergithub/vaadin/vaadin-checkbox/2.1.1/vaadin-checkbox-2.1.1.jar:/home/ale/.m2/repository/com/vaadin/vaadin-combo-box-flow/1.0.0/vaadin-combo-box-flow-1.0.0.jar:/home/ale/.m2/repository/org/webjars/bowergithub/vaadin/vaadin-combo-box/4.0.1/vaadin-combo-box-4.0.1.jar:/home/ale/.m2/repository/org/webjars/bowergithub/polymerelements/iron-resizable-behavior/2.1.0/iron-resizable-behavior-2.1.0.jar:/home/ale/.m2/repository/org/webjars/bowergithub/polymerelements/iron-a11y-announcer/2.1.0/iron-a11y-announcer-2.1.0.jar:/home/ale/.m2/repository/org/webjars/bowergithub/polymerelements/iron-a11y-keys-behavior/2.1.1/iron-a11y-keys-behavior-2.1.1.jar:/home/ale/.m2/repository/org/webjars/bowergithub/vaadin/vaadin-item/2.1.0/vaadin-item-2.1.0.jar:/home/ale/.m2/repository/org/webjars/bowergithub/vaadin/vaadin-material-styles/1.1.2/vaadin-material-styles-1.1.2.jar:/home/ale/.m2/repository/org/webjars/bowergithub/vaadin/vaadin-overlay/3.0.3/vaadin-overlay-3.0.3.jar:/home/ale/.m2/repository/org/webjars/bowergithub/polymerelements/iron-overlay-behavior/2.3.4/iron-overlay-behavior-2.3.4.jar:/home/ale/.m2/repository/org/webjars/bowergithub/polymerelements/iron-fit-behavior/2.2.0/iron-fit-behavior-2.2.0.jar:/home/ale/.m2/repository/com/vaadin/vaadin-date-picker-flow/1.0.0/vaadin-date-picker-flow-1.0.0.jar:/home/ale/.m2/repository/org/webjars/bowergithub/vaadin/vaadin-date-picker/3.0.2/vaadin-date-picker-3.0.2.jar:/home/ale/.m2/repository/org/webjars/bowergithub/polymerelements/iron-media-query/2.1.0/iron-media-query-2.1.0.jar:/home/ale/.m2/repository/com/vaadin/vaadin-dialog-flow/1.0.0/vaadin-dialog-flow-1.0.0.jar:/home/ale/.m2/repository/org/webjars/bowergithub/vaadin/vaadin-dialog/2.0.2/vaadin-dialog-2.0.2.jar:/home/ale/.m2/repository/com/vaadin/vaadin-form-layout-flow/1.0.0/vaadin-form-layout-flow-1.0.0.jar:/home/ale/.m2/repository/org/webjars/bowergithub/vaadin/vaadin-form-layout/2.0.1/vaadin-form-layout-2.0.1.jar:/home/ale/.m2/repository/com/vaadin/vaadin-grid-flow/1.0.0/vaadin-grid-flow-1.0.0.jar:/home/ale/.m2/repository/org/webjars/bowergithub/vaadin/vaadin-grid/5.0.4/vaadin-grid-5.0.4.jar:/home/ale/.m2/repository/org/webjars/bowergithub/polymerelements/iron-scroll-target-behavior/2.1.1/iron-scroll-target-behavior-2.1.1.jar:/home/ale/.m2/repository/org/apache/commons/commons-lang3/3.7/commons-lang3-3.7.jar:/home/ale/.m2/repository/com/vaadin/vaadin-icons-flow/1.0.0/vaadin-icons-flow-1.0.0.jar:/home/ale/.m2/repository/org/webjars/bowergithub/vaadin/vaadin-icons/4.1.4/vaadin-icons-4.1.4.jar:/home/ale/.m2/repository/org/webjars/bowergithub/polymerelements/iron-icon/2.1.0/iron-icon-2.1.0.jar:/home/ale/.m2/repository/org/webjars/bowergithub/polymerelements/iron-meta/2.1.1/iron-meta-2.1.1.jar:/home/ale/.m2/repository/org/webjars/bowergithub/polymerelements/iron-iconset-svg/2.2.1/iron-iconset-svg-2.2.1.jar:/home/ale/.m2/repository/com/vaadin/vaadin-iron-list-flow/1.0.0/vaadin-iron-list-flow-1.0.0.jar:/home/ale/.m2/repository/org/webjars/bowergithub/polymerelements/iron-list/2.0.12/iron-list-2.0.12.jar:/home/ale/.m2/repository/com/vaadin/vaadin-list-box-flow/1.0.0/vaadin-list-box-flow-1.0.0.jar:/home/ale/.m2/repository/org/webjars/bowergithub/vaadin/vaadin-list-box/1.0.2/vaadin-list-box-1.0.2.jar:/home/ale/.m2/repository/org/webjars/bowergithub/vaadin/vaadin-list-mixin/2.0.0/vaadin-list-mixin-2.0.0.jar:/home/ale/.m2/repository/com/vaadin/vaadin-ordered-layout-flow/1.0.0/vaadin-ordered-layout-flow-1.0.0.jar:/home/ale/.m2/repository/org/webjars/bowergithub/vaadin/vaadin-ordered-layout/1.0.2/vaadin-ordered-layout-1.0.2.jar:/home/ale/.m2/repository/com/vaadin/vaadin-progress-bar-flow/1.0.0/vaadin-progress-bar-flow-1.0.0.jar:/home/ale/.m2/repository/org/webjars/bowergithub/vaadin/vaadin-progress-bar/1.0.0/vaadin-progress-bar-1.0.0.jar:/home/ale/.m2/repository/com/vaadin/vaadin-radio-button-flow/1.0.0/vaadin-radio-button-flow-1.0.0.jar:/home/ale/.m2/repository/org/webjars/bowergithub/vaadin/vaadin-radio-button/1.0.1/vaadin-radio-button-1.0.1.jar:/home/ale/.m2/repository/com/vaadin/vaadin-split-layout-flow/1.0.0/vaadin-split-layout-flow-1.0.0.jar:/home/ale/.m2/repository/org/webjars/bowergithub/vaadin/vaadin-split-layout/4.0.0/vaadin-split-layout-4.0.0.jar:/home/ale/.m2/repository/com/vaadin/vaadin-tabs-flow/1.0.0/vaadin-tabs-flow-1.0.0.jar:/home/ale/.m2/repository/org/webjars/bowergithub/vaadin/vaadin-tabs/2.0.0/vaadin-tabs-2.0.0.jar:/home/ale/.m2/repository/com/vaadin/vaadin-text-field-flow/1.0.0/vaadin-text-field-flow-1.0.0.jar:/home/ale/.m2/repository/org/webjars/bowergithub/vaadin/vaadin-text-field/2.0.1/vaadin-text-field-2.0.1.jar:/home/ale/.m2/repository/com/vaadin/vaadin-upload-flow/1.0.0/vaadin-upload-flow-1.0.0.jar:/home/ale/.m2/repository/org/webjars/bowergithub/vaadin/vaadin-upload/4.0.0/vaadin-upload-4.0.0.jar:/home/ale/.m2/repository/com/vaadin/vaadin-notification-flow/1.0.0/vaadin-notification-flow-1.0.0.jar:/home/ale/.m2/repository/org/webjars/bowergithub/vaadin/vaadin-notification/1.0.0/vaadin-notification-1.0.0.jar:/home/ale/.m2/repository/org/springframework/boot/spring-boot-starter-web/2.0.3.RELEASE/spring-boot-starter-web-2.0.3.RELEASE.jar:/home/ale/.m2/repository/org/springframework/boot/spring-boot-starter-json/2.0.3.RELEASE/spring-boot-starter-json-2.0.3.RELEASE.jar:/home/ale/.m2/repository/com/fasterxml/jackson/core/jackson-databind/2.9.6/jackson-databind-2.9.6.jar:/home/ale/.m2/repository/com/fasterxml/jackson/core/jackson-annotations/2.9.0/jackson-annotations-2.9.0.jar:/home/ale/.m2/repository/com/fasterxml/jackson/core/jackson-core/2.9.6/jackson-core-2.9.6.jar:/home/ale/.m2/repository/com/fasterxml/jackson/datatype/jackson-datatype-jdk8/2.9.6/jackson-datatype-jdk8-2.9.6.jar:/home/ale/.m2/repository/com/fasterxml/jackson/datatype/jackson-datatype-jsr310/2.9.6/jackson-datatype-jsr310-2.9.6.jar:/home/ale/.m2/repository/com/fasterxml/jackson/module/jackson-module-parameter-names/2.9.6/jackson-module-parameter-names-2.9.6.jar:/home/ale/.m2/repository/org/springframework/boot/spring-boot-starter-tomcat/2.0.3.RELEASE/spring-boot-starter-tomcat-2.0.3.RELEASE.jar:/home/ale/.m2/repository/org/apache/tomcat/embed/tomcat-embed-core/8.5.31/tomcat-embed-core-8.5.31.jar:/home/ale/.m2/repository/org/apache/tomcat/embed/tomcat-embed-el/8.5.31/tomcat-embed-el-8.5.31.jar:/home/ale/.m2/repository/org/apache/tomcat/embed/tomcat-embed-websocket/8.5.31/tomcat-embed-websocket-8.5.31.jar:/home/ale/.m2/repository/org/hibernate/validator/hibernate-validator/6.0.10.Final/hibernate-validator-6.0.10.Final.jar:/home/ale/.m2/repository/org/springframework/spring-web/5.0.7.RELEASE/spring-web-5.0.7.RELEASE.jar:/home/ale/.m2/repository/com/h2database/h2/1.4.197/h2-1.4.197.jar:/home/ale/.m2/repository/org/springframework/boot/spring-boot-starter-test/2.0.3.RELEASE/spring-boot-starter-test-2.0.3.RELEASE.jar:/home/ale/.m2/repository/org/springframework/boot/spring-boot-test/2.0.3.RELEASE/spring-boot-test-2.0.3.RELEASE.jar:/home/ale/.m2/repository/org/springframework/boot/spring-boot-test-autoconfigure/2.0.3.RELEASE/spring-boot-test-autoconfigure-2.0.3.RELEASE.jar:/home/ale/.m2/repository/com/jayway/jsonpath/json-path/2.4.0/json-path-2.4.0.jar:/home/ale/.m2/repository/net/minidev/json-smart/2.3/json-smart-2.3.jar:/home/ale/.m2/repository/net/minidev/accessors-smart/1.2/accessors-smart-1.2.jar:/home/ale/.m2/repository/org/ow2/asm/asm/5.0.4/asm-5.0.4.jar:/home/ale/.m2/repository/junit/junit/4.12/junit-4.12.jar:/home/ale/.m2/repository/org/assertj/assertj-core/3.9.1/assertj-core-3.9.1.jar:/home/ale/.m2/repository/org/mockito/mockito-core/2.15.0/mockito-core-2.15.0.jar:/home/ale/.m2/repository/net/bytebuddy/byte-buddy/1.7.11/byte-buddy-1.7.11.jar:/home/ale/.m2/repository/net/bytebuddy/byte-buddy-agent/1.7.11/byte-buddy-agent-1.7.11.jar:/home/ale/.m2/repository/org/objenesis/objenesis/2.6/objenesis-2.6.jar:/home/ale/.m2/repository/org/hamcrest/hamcrest-core/1.3/hamcrest-core-1.3.jar:/home/ale/.m2/repository/org/hamcrest/hamcrest-library/1.3/hamcrest-library-1.3.jar:/home/ale/.m2/repository/org/skyscreamer/jsonassert/1.5.0/jsonassert-1.5.0.jar:/home/ale/.m2/repository/com/vaadin/external/google/android-json/0.0.20131108.vaadin1/android-json-0.0.20131108.vaadin1.jar:/home/ale/.m2/repository/org/springframework/spring-core/5.0.7.RELEASE/spring-core-5.0.7.RELEASE.jar:/home/ale/.m2/repository/org/springframework/spring-jcl/5.0.7.RELEASE/spring-jcl-5.0.7.RELEASE.jar:/home/ale/.m2/repository/org/springframework/spring-test/5.0.7.RELEASE/spring-test-5.0.7.RELEASE.jar:/home/ale/.m2/repository/org/xmlunit/xmlunit-core/2.5.1/xmlunit-core-2.5.1.jar:/home/ale/.m2/repository/mysql/mysql-connector-java/5.1.46/mysql-connector-java-5.1.46.jar:/home/ale/.m2/repository/javax/xml/bind/jaxb-api/2.2.11/jaxb-api-2.2.11.jar:/home/ale/.m2/repository/com/sun/xml/bind/jaxb-core/2.2.11/jaxb-core-2.2.11.jar:/home/ale/.m2/repository/com/sun/xml/bind/jaxb-impl/2.2.11/jaxb-impl-2.2.11.jar:/home/ale/.m2/repository/javax/activation/activation/1.1.1/activation-1.1.1.jar:"/>
    <property name="sun.cpu.endian" value="little"/>
    <property name="user.home" value="/home/ale"/>
    <property name="user.language" value="es"/>
    <property name="java.specification.vendor" value="Oracle Corporation"/>
    <property name="java.home" value="/usr/lib/jvm/java-8-oracle/jre"/>
    <property name="basedir" value="/home/ale/git/gs-crud-with-vaadin/complete"/>
    <property name="file.separator" value="/"/>
    <property name="line.separator" value="&#10;"/>
    <property name="java.vm.specification.vendor" value="Oracle Corporation"/>
    <property name="java.specification.name" value="Java Platform API Specification"/>
    <property name="java.awt.graphicsenv" value="sun.awt.X11GraphicsEnvironment"/>
    <property name="surefire.real.class.path" value="/home/ale/git/gs-crud-with-vaadin/complete/target/surefire/surefirebooter9089232559209745221.jar"/>
    <property name="sun.boot.class.path" value="/usr/lib/jvm/java-8-oracle/jre/lib/resources.jar:/usr/lib/jvm/java-8-oracle/jre/lib/rt.jar:/usr/lib/jvm/java-8-oracle/jre/lib/sunrsasign.jar:/usr/lib/jvm/java-8-oracle/jre/lib/jsse.jar:/usr/lib/jvm/java-8-oracle/jre/lib/jce.jar:/usr/lib/jvm/java-8-oracle/jre/lib/charsets.jar:/usr/lib/jvm/java-8-oracle/jre/lib/jfr.jar:/usr/lib/jvm/java-8-oracle/jre/classes"/>
    <property name="sun.management.compiler" value="HotSpot 64-Bit Tiered Compilers"/>
    <property name="java.runtime.version" value="1.8.0_181-b13"/>
    <property name="user.name" value="ale"/>
    <property name="path.separator" value=":"/>
    <property name="os.version" value="4.15.0-20-generic"/>
    <property name="java.endorsed.dirs" value="/usr/lib/jvm/java-8-oracle/jre/lib/endorsed"/>
    <property name="java.runtime.name" value="Java(TM) SE Runtime Environment"/>
    <property name="file.encoding" value="UTF-8"/>
    <property name="java.vm.name" value="Java HotSpot(TM) 64-Bit Server VM"/>
    <property name="localRepository" value="/home/ale/.m2/repository"/>
    <property name="java.vendor.url.bug" value="http://bugreport.sun.com/bugreport/"/>
    <property name="java.io.tmpdir" value="/tmp"/>
    <property name="java.version" value="1.8.0_181"/>
    <property name="user.dir" value="/home/ale/git/gs-crud-with-vaadin/complete"/>
    <property name="os.arch" value="amd64"/>
    <property name="java.vm.specification.name" value="Java Virtual Machine Specification"/>
    <property name="java.awt.printerjob" value="sun.print.PSPrinterJob"/>
    <property name="sun.os.patch.level" value="unknown"/>
    <property name="java.library.path" value="/usr/java/packages/lib/amd64:/usr/lib64:/lib64:/lib:/usr/lib"/>
    <property name="java.vm.info" value="mixed mode"/>
    <property name="java.vendor" value="Oracle Corporation"/>
    <property name="java.vm.version" value="25.181-b13"/>
    <property name="java.ext.dirs" value="/usr/lib/jvm/java-8-oracle/jre/lib/ext:/usr/java/packages/lib/ext"/>
    <property name="sun.io.unicode.encoding" value="UnicodeLittle"/>
    <property name="java.class.version" value="52.0"/>
  </properties>
  <testcase name="shouldFindTwoBauerCustomers" classname="hello.ApplicationTests" time="0.01">
    <failure message="&#10;Expected size:&lt;2&gt; but was:&lt;10&gt; in:&#10;&lt;[Customer[id=1, firstName=&apos;Jack&apos;, lastName=&apos;Bauer&apos;],&#10;    Customer[id=3, firstName=&apos;Kim&apos;, lastName=&apos;Bauer&apos;],&#10;    Customer[id=8, firstName=&apos;Jack&apos;, lastName=&apos;Bauer&apos;],&#10;    Customer[id=10, firstName=&apos;Kim&apos;, lastName=&apos;Bauer&apos;],&#10;    Customer[id=15, firstName=&apos;Jack&apos;, lastName=&apos;Bauer&apos;],&#10;    Customer[id=17, firstName=&apos;Kim&apos;, lastName=&apos;Bauer&apos;],&#10;    Customer[id=22, firstName=&apos;Jack&apos;, lastName=&apos;Bauer&apos;],&#10;    Customer[id=24, firstName=&apos;Kim&apos;, lastName=&apos;Bauer&apos;],&#10;    Customer[id=29, firstName=&apos;Jack&apos;, lastName=&apos;Bauer&apos;],&#10;    Customer[id=31, firstName=&apos;Kim&apos;, lastName=&apos;Bauer&apos;]]&gt;" type="java.lang.AssertionError">java.lang.AssertionError: Expected size:&lt;2&gt; but was:&lt;10&gt; in:&lt;[Customer[id=1, firstName='Jack', lastName='Bauer'],    Customer[id=3, firstName='Kim', lastName='Bauer'],    Customer[id=8, firstName='Jack', lastName='Bauer'],    Customer[id=10, firstName='Kim', lastName='Bauer'],    Customer[id=15, firstName='Jack', lastName='Bauer'],    Customer[id=17, firstName='Kim', lastName='Bauer'],    Customer[id=22, firstName='Jack', lastName='Bauer'],    Customer[id=24, firstName='Kim', lastName='Bauer'],    Customer[id=29, firstName='Jack', lastName='Bauer'],    Customer[id=31, firstName='Kim', lastName='Bauer']]&gt;	at hello.ApplicationTests.shouldFindTwoBauerCustomers(ApplicationTests.java:25)</failure>
    <system-out><![CDATA[2018-09-05 21:16:01.216  INFO 6795 --- [           main] .b.t.c.SpringBootTestContextBootstrapper : Neither @ContextConfiguration nor @ContextHierarchy found for test class [hello.ApplicationTests], using SpringBootContextLoader
2018-09-05 21:16:01.217  INFO 6795 --- [           main] o.s.t.c.support.AbstractContextLoader    : Could not detect default resource locations for test class [hello.ApplicationTests]: no resource found for suffixes {-context.xml, Context.groovy}.
2018-09-05 21:16:01.226  INFO 6795 --- [           main] .b.t.c.SpringBootTestContextBootstrapper : Loaded default TestExecutionListener class names from location [META-INF/spring.factories]: [org.springframework.boot.test.mock.mockito.MockitoTestExecutionListener, org.springframework.boot.test.mock.mockito.ResetMocksTestExecutionListener, org.springframework.boot.test.autoconfigure.restdocs.RestDocsTestExecutionListener, org.springframework.boot.test.autoconfigure.web.client.MockRestServiceServerResetTestExecutionListener, org.springframework.boot.test.autoconfigure.web.servlet.MockMvcPrintOnlyOnFailureTestExecutionListener, org.springframework.boot.test.autoconfigure.web.servlet.WebDriverTestExecutionListener, org.springframework.test.context.web.ServletTestExecutionListener, org.springframework.test.context.support.DirtiesContextBeforeModesTestExecutionListener, org.springframework.test.context.support.DependencyInjectionTestExecutionListener, org.springframework.test.context.support.DirtiesContextTestExecutionListener, org.springframework.test.context.transaction.TransactionalTestExecutionListener, org.springframework.test.context.jdbc.SqlScriptsTestExecutionListener]
2018-09-05 21:16:01.227  INFO 6795 --- [           main] .b.t.c.SpringBootTestContextBootstrapper : Using TestExecutionListeners: [org.springframework.test.context.web.ServletTestExecutionListener@402a69f, org.springframework.test.context.support.DirtiesContextBeforeModesTestExecutionListener@419f0ea, org.springframework.boot.test.mock.mockito.MockitoTestExecutionListener@2d47b06, org.springframework.boot.test.autoconfigure.SpringBootDependencyInjectionTestExecutionListener@59371066, org.springframework.test.context.support.DirtiesContextTestExecutionListener@48106381, org.springframework.test.context.transaction.TransactionalTestExecutionListener@3c544c9, org.springframework.test.context.jdbc.SqlScriptsTestExecutionListener@22e813fc, org.springframework.boot.test.mock.mockito.ResetMocksTestExecutionListener@433d93e7, org.springframework.boot.test.autoconfigure.restdocs.RestDocsTestExecutionListener@87aec6a, org.springframework.boot.test.autoconfigure.web.client.MockRestServiceServerResetTestExecutionListener@213012a0, org.springframework.boot.test.autoconfigure.web.servlet.MockMvcPrintOnlyOnFailureTestExecutionListener@43a59289, org.springframework.boot.test.autoconfigure.web.servlet.WebDriverTestExecutionListener@6c2883b1]

  .   ____          _            __ _ _
 /\\ / ___'_ __ _ _(_)_ __  __ _ \ \ \ \
( ( )\___ | '_ | '_| | '_ \/ _` | \ \ \ \
 \\/  ___)| |_)| | | | | || (_| |  ) ) ) )
  '  |____| .__|_| |_|_| |_\__, | / / / /
 =========|_|==============|___/=/_/_/_/
 :: Spring Boot ::        (v2.0.3.RELEASE)

2018-09-05 21:16:01.276  INFO 6795 --- [           main] hello.ApplicationTests                   : Starting ApplicationTests on ale-UX330UAK with PID 6795 (started by ale in /home/ale/git/gs-crud-with-vaadin/complete)
2018-09-05 21:16:01.277  INFO 6795 --- [           main] hello.ApplicationTests                   : No active profile set, falling back to default profiles: default
2018-09-05 21:16:01.282  INFO 6795 --- [           main] o.s.w.c.s.GenericWebApplicationContext   : Refreshing org.springframework.web.context.support.GenericWebApplicationContext@652b3733: startup date [Wed Sep 05 21:16:01 ART 2018]; root of context hierarchy
2018-09-05 21:16:01.594  INFO 6795 --- [           main] o.s.b.f.s.DefaultListableBeanFactory     : Overriding bean definition for bean 'dispatcherServletRegistration' with a different definition: replacing [Root bean: class [null]; scope=; abstract=false; lazyInit=false; autowireMode=3; dependencyCheck=0; autowireCandidate=true; primary=false; factoryBeanName=org.springframework.boot.autoconfigure.web.servlet.DispatcherServletAutoConfiguration$DispatcherServletRegistrationConfiguration; factoryMethodName=dispatcherServletRegistration; initMethodName=null; destroyMethodName=(inferred); defined in class path resource [org/springframework/boot/autoconfigure/web/servlet/DispatcherServletAutoConfiguration$DispatcherServletRegistrationConfiguration.class]] with [Root bean: class [null]; scope=; abstract=false; lazyInit=false; autowireMode=3; dependencyCheck=0; autowireCandidate=true; primary=false; factoryBeanName=com.vaadin.flow.spring.SpringBootAutoConfiguration; factoryMethodName=dispatcherServletRegistration; initMethodName=null; destroyMethodName=(inferred); defined in class path resource [com/vaadin/flow/spring/SpringBootAutoConfiguration.class]]
2018-09-05 21:16:01.865  INFO 6795 --- [           main] trationDelegate$BeanPostProcessorChecker : Bean 'org.springframework.transaction.annotation.ProxyTransactionManagementConfiguration' of type [org.springframework.transaction.annotation.ProxyTransactionManagementConfiguration$$EnhancerBySpringCGLIB$$f5ffa0dc] is not eligible for getting processed by all BeanPostProcessors (for example: not eligible for auto-proxying)
2018-09-05 21:16:01.964  INFO 6795 --- [           main] com.zaxxer.hikari.HikariDataSource       : HikariPool-2 - Starting...
2018-09-05 21:16:01.975  INFO 6795 --- [           main] com.zaxxer.hikari.HikariDataSource       : HikariPool-2 - Start completed.
2018-09-05 21:16:01.996  INFO 6795 --- [           main] j.LocalContainerEntityManagerFactoryBean : Building JPA container EntityManagerFactory for persistence unit 'default'
2018-09-05 21:16:01.997  INFO 6795 --- [           main] o.hibernate.jpa.internal.util.LogHelper  : HHH000204: Processing PersistenceUnitInfo [
	name: default
	...]
2018-09-05 21:16:02.005  INFO 6795 --- [           main] org.hibernate.dialect.Dialect            : HHH000400: Using dialect: org.hibernate.dialect.MySQL5Dialect
2018-09-05 21:16:02.040  INFO 6795 --- [           main] j.LocalContainerEntityManagerFactoryBean : Initialized JPA EntityManagerFactory for persistence unit 'default'
2018-09-05 21:16:02.396  INFO 6795 --- [           main] o.s.w.s.handler.SimpleUrlHandlerMapping  : Default mapping to handler of type [class org.springframework.web.servlet.mvc.ServletForwardingController]
2018-09-05 21:16:02.459  INFO 6795 --- [           main] o.s.w.s.handler.SimpleUrlHandlerMapping  : Mapped URL path [/**/favicon.ico] onto handler of type [class org.springframework.web.servlet.resource.ResourceHttpRequestHandler]
2018-09-05 21:16:02.800  INFO 6795 --- [           main] s.w.s.m.m.a.RequestMappingHandlerAdapter : Looking for @ControllerAdvice: org.springframework.web.context.support.GenericWebApplicationContext@652b3733: startup date [Wed Sep 05 21:16:01 ART 2018]; root of context hierarchy
2018-09-05 21:16:02.930  WARN 6795 --- [           main] aWebConfiguration$JpaWebMvcConfiguration : spring.jpa.open-in-view is enabled by default. Therefore, database queries may be performed during view rendering. Explicitly configure spring.jpa.open-in-view to disable this warning
2018-09-05 21:16:03.001  INFO 6795 --- [           main] s.w.s.m.m.a.RequestMappingHandlerMapping : Mapped "{[/demo/add],methods=[GET]}" onto public java.lang.String hello.MainController.addNewUser(java.lang.String,java.lang.String)
2018-09-05 21:16:03.003  INFO 6795 --- [           main] s.w.s.m.m.a.RequestMappingHandlerMapping : Mapped "{[/demo/all],methods=[GET]}" onto public java.lang.Iterable<hello.Customer> hello.MainController.getAllUsers()
2018-09-05 21:16:03.008  INFO 6795 --- [           main] s.w.s.m.m.a.RequestMappingHandlerMapping : Mapped "{[/error],produces=[text/html]}" onto public org.springframework.web.servlet.ModelAndView org.springframework.boot.autoconfigure.web.servlet.error.BasicErrorController.errorHtml(javax.servlet.http.HttpServletRequest,javax.servlet.http.HttpServletResponse)
2018-09-05 21:16:03.009  INFO 6795 --- [           main] s.w.s.m.m.a.RequestMappingHandlerMapping : Mapped "{[/error]}" onto public org.springframework.http.ResponseEntity<java.util.Map<java.lang.String, java.lang.Object>> org.springframework.boot.autoconfigure.web.servlet.error.BasicErrorController.error(javax.servlet.http.HttpServletRequest)
2018-09-05 21:16:03.054  INFO 6795 --- [           main] o.s.w.s.handler.SimpleUrlHandlerMapping  : Mapped URL path [/webjars/**] onto handler of type [class org.springframework.web.servlet.resource.ResourceHttpRequestHandler]
2018-09-05 21:16:03.055  INFO 6795 --- [           main] o.s.w.s.handler.SimpleUrlHandlerMapping  : Mapped URL path [/**] onto handler of type [class org.springframework.web.servlet.resource.ResourceHttpRequestHandler]
2018-09-05 21:16:03.389  INFO 6795 --- [           main] hello.ApplicationTests                   : Started ApplicationTests in 2.15 seconds (JVM running for 9.267)
2018-09-05 21:16:03.413  INFO 6795 --- [           main] o.h.h.i.QueryTranslatorFactoryInitiator  : HHH000397: Using ASTQueryTranslatorFactory
]]></system-out>
    <system-err><![CDATA[Wed Sep 05 21:16:01 ART 2018 WARN: Establishing SSL connection without server's identity verification is not recommended. According to MySQL 5.5.45+, 5.6.26+ and 5.7.6+ requirements SSL connection must be established by default if explicit option isn't set. For compliance with existing applications not using SSL the verifyServerCertificate property is set to 'false'. You need either to explicitly disable SSL by setting useSSL=false, or set useSSL=true and provide truststore for server certificate verification.
Wed Sep 05 21:16:02 ART 2018 WARN: Establishing SSL connection without server's identity verification is not recommended. According to MySQL 5.5.45+, 5.6.26+ and 5.7.6+ requirements SSL connection must be established by default if explicit option isn't set. For compliance with existing applications not using SSL the verifyServerCertificate property is set to 'false'. You need either to explicitly disable SSL by setting useSSL=false, or set useSSL=true and provide truststore for server certificate verification.
Wed Sep 05 21:16:02 ART 2018 WARN: Establishing SSL connection without server's identity verification is not recommended. According to MySQL 5.5.45+, 5.6.26+ and 5.7.6+ requirements SSL connection must be established by default if explicit option isn't set. For compliance with existing applications not using SSL the verifyServerCertificate property is set to 'false'. You need either to explicitly disable SSL by setting useSSL=false, or set useSSL=true and provide truststore for server certificate verification.
Wed Sep 05 21:16:02 ART 2018 WARN: Establishing SSL connection without server's identity verification is not recommended. According to MySQL 5.5.45+, 5.6.26+ and 5.7.6+ requirements SSL connection must be established by default if explicit option isn't set. For compliance with existing applications not using SSL the verifyServerCertificate property is set to 'false'. You need either to explicitly disable SSL by setting useSSL=false, or set useSSL=true and provide truststore for server certificate verification.
Wed Sep 05 21:16:02 ART 2018 WARN: Establishing SSL connection without server's identity verification is not recommended. According to MySQL 5.5.45+, 5.6.26+ and 5.7.6+ requirements SSL connection must be established by default if explicit option isn't set. For compliance with existing applications not using SSL the verifyServerCertificate property is set to 'false'. You need either to explicitly disable SSL by setting useSSL=false, or set useSSL=true and provide truststore for server certificate verification.
Wed Sep 05 21:16:02 ART 2018 WARN: Establishing SSL connection without server's identity verification is not recommended. According to MySQL 5.5.45+, 5.6.26+ and 5.7.6+ requirements SSL connection must be established by default if explicit option isn't set. For compliance with existing applications not using SSL the verifyServerCertificate property is set to 'false'. You need either to explicitly disable SSL by setting useSSL=false, or set useSSL=true and provide truststore for server certificate verification.
Wed Sep 05 21:16:02 ART 2018 WARN: Establishing SSL connection without server's identity verification is not recommended. According to MySQL 5.5.45+, 5.6.26+ and 5.7.6+ requirements SSL connection must be established by default if explicit option isn't set. For compliance with existing applications not using SSL the verifyServerCertificate property is set to 'false'. You need either to explicitly disable SSL by setting useSSL=false, or set useSSL=true and provide truststore for server certificate verification.
Wed Sep 05 21:16:02 ART 2018 WARN: Establishing SSL connection without server's identity verification is not recommended. According to MySQL 5.5.45+, 5.6.26+ and 5.7.6+ requirements SSL connection must be established by default if explicit option isn't set. For compliance with existing applications not using SSL the verifyServerCertificate property is set to 'false'. You need either to explicitly disable SSL by setting useSSL=false, or set useSSL=true and provide truststore for server certificate verification.
Wed Sep 05 21:16:02 ART 2018 WARN: Establishing SSL connection without server's identity verification is not recommended. According to MySQL 5.5.45+, 5.6.26+ and 5.7.6+ requirements SSL connection must be established by default if explicit option isn't set. For compliance with existing applications not using SSL the verifyServerCertificate property is set to 'false'. You need either to explicitly disable SSL by setting useSSL=false, or set useSSL=true and provide truststore for server certificate verification.
Wed Sep 05 21:16:02 ART 2018 WARN: Establishing SSL connection without server's identity verification is not recommended. According to MySQL 5.5.45+, 5.6.26+ and 5.7.6+ requirements SSL connection must be established by default if explicit option isn't set. For compliance with existing applications not using SSL the verifyServerCertificate property is set to 'false'. You need either to explicitly disable SSL by setting useSSL=false, or set useSSL=true and provide truststore for server certificate verification.
]]></system-err>
  </testcase>
  <testcase name="shouldFillOutComponentsWithDataWhenTheApplicationIsStarted" classname="hello.ApplicationTests" time="0.014">
    <failure message="expected:&lt;[]5L&gt; but was:&lt;[3]5L&gt;" type="org.junit.ComparisonFailure"><![CDATA[org.junit.ComparisonFailure: expected:<[]5L> but was:<[3]5L>
	at hello.ApplicationTests.shouldFillOutComponentsWithDataWhenTheApplicationIsStarted(ApplicationTests.java:20)
]]></failure>
  </testcase>
</testsuite>