<?xml version="1.0" encoding="UTF-8"?>
<testsuite xmlns:xsi="http://www.w3.org/2001/XMLSchema-instance" xsi:noNamespaceSchemaLocation="https://maven.apache.org/surefire/maven-surefire-plugin/xsd/surefire-test-report.xsd" name="hello.MainViewTests" time="6.816" tests="5" errors="5" skipped="0" failures="0">
  <properties>
    <property name="sun.desktop" value="gnome"/>
    <property name="awt.toolkit" value="sun.awt.X11.XToolkit"/>
    <property name="file.encoding.pkg" value="sun.io"/>
    <property name="java.specification.version" value="1.8"/>
    <property name="sun.cpu.isalist" value=""/>
    <property name="sun.jnu.encoding" value="UTF-8"/>
    <property name="java.class.path" value="/home/ale/git/gs-crud-with-vaadin/complete/target/test-classes:/home/ale/git/gs-crud-with-vaadin/complete/target/classes:/home/ale/.m2/repository/org/springframework/boot/spring-boot-starter-data-jpa/2.0.3.RELEASE/spring-boot-starter-data-jpa-2.0.3.RELEASE.jar:/home/ale/.m2/repository/org/springframework/boot/spring-boot-starter/2.0.3.RELEASE/spring-boot-starter-2.0.3.RELEASE.jar:/home/ale/.m2/repository/org/springframework/boot/spring-boot/2.0.3.RELEASE/spring-boot-2.0.3.RELEASE.jar:/home/ale/.m2/repository/org/springframework/boot/spring-boot-autoconfigure/2.0.3.RELEASE/spring-boot-autoconfigure-2.0.3.RELEASE.jar:/home/ale/.m2/repository/org/springframework/boot/spring-boot-starter-logging/2.0.3.RELEASE/spring-boot-starter-logging-2.0.3.RELEASE.jar:/home/ale/.m2/repository/ch/qos/logback/logback-classic/1.2.3/logback-classic-1.2.3.jar:/home/ale/.m2/repository/ch/qos/logback/logback-core/1.2.3/logback-core-1.2.3.jar:/home/ale/.m2/repository/org/apache/logging/log4j/log4j-to-slf4j/2.10.0/log4j-to-slf4j-2.10.0.jar:/home/ale/.m2/repository/org/apache/logging/log4j/log4j-api/2.10.0/log4j-api-2.10.0.jar:/home/ale/.m2/repository/org/slf4j/jul-to-slf4j/1.7.25/jul-to-slf4j-1.7.25.jar:/home/ale/.m2/repository/org/yaml/snakeyaml/1.19/snakeyaml-1.19.jar:/home/ale/.m2/repository/org/springframework/boot/spring-boot-starter-aop/2.0.3.RELEASE/spring-boot-starter-aop-2.0.3.RELEASE.jar:/home/ale/.m2/repository/org/springframework/spring-aop/5.0.7.RELEASE/spring-aop-5.0.7.RELEASE.jar:/home/ale/.m2/repository/org/aspectj/aspectjweaver/1.8.13/aspectjweaver-1.8.13.jar:/home/ale/.m2/repository/org/springframework/boot/spring-boot-starter-jdbc/2.0.3.RELEASE/spring-boot-starter-jdbc-2.0.3.RELEASE.jar:/home/ale/.m2/repository/com/zaxxer/HikariCP/2.7.9/HikariCP-2.7.9.jar:/home/ale/.m2/repository/org/springframework/spring-jdbc/5.0.7.RELEASE/spring-jdbc-5.0.7.RELEASE.jar:/home/ale/.m2/repository/org/hibernate/hibernate-core/5.2.17.Final/hibernate-core-5.2.17.Final.jar:/home/ale/.m2/repository/org/jboss/logging/jboss-logging/3.3.2.Final/jboss-logging-3.3.2.Final.jar:/home/ale/.m2/repository/org/hibernate/javax/persistence/hibernate-jpa-2.1-api/1.0.2.Final/hibernate-jpa-2.1-api-1.0.2.Final.jar:/home/ale/.m2/repository/org/javassist/javassist/3.22.0-GA/javassist-3.22.0-GA.jar:/home/ale/.m2/repository/antlr/antlr/2.7.7/antlr-2.7.7.jar:/home/ale/.m2/repository/org/jboss/jandex/2.0.3.Final/jandex-2.0.3.Final.jar:/home/ale/.m2/repository/com/fasterxml/classmate/1.3.4/classmate-1.3.4.jar:/home/ale/.m2/repository/dom4j/dom4j/1.6.1/dom4j-1.6.1.jar:/home/ale/.m2/repository/org/hibernate/common/hibernate-commons-annotations/5.0.1.Final/hibernate-commons-annotations-5.0.1.Final.jar:/home/ale/.m2/repository/javax/transaction/javax.transaction-api/1.2/javax.transaction-api-1.2.jar:/home/ale/.m2/repository/org/springframework/data/spring-data-jpa/2.0.8.RELEASE/spring-data-jpa-2.0.8.RELEASE.jar:/home/ale/.m2/repository/org/springframework/data/spring-data-commons/2.0.8.RELEASE/spring-data-commons-2.0.8.RELEASE.jar:/home/ale/.m2/repository/org/springframework/spring-orm/5.0.7.RELEASE/spring-orm-5.0.7.RELEASE.jar:/home/ale/.m2/repository/org/springframework/spring-context/5.0.7.RELEASE/spring-context-5.0.7.RELEASE.jar:/home/ale/.m2/repository/org/springframework/spring-tx/5.0.7.RELEASE/spring-tx-5.0.7.RELEASE.jar:/home/ale/.m2/repository/org/springframework/spring-beans/5.0.7.RELEASE/spring-beans-5.0.7.RELEASE.jar:/home/ale/.m2/repository/org/slf4j/slf4j-api/1.7.25/slf4j-api-1.7.25.jar:/home/ale/.m2/repository/org/springframework/spring-aspects/5.0.7.RELEASE/spring-aspects-5.0.7.RELEASE.jar:/home/ale/.m2/repository/com/vaadin/vaadin-spring-boot-starter/10.0.1/vaadin-spring-boot-starter-10.0.1.jar:/home/ale/.m2/repository/com/vaadin/vaadin-spring/10.0.0/vaadin-spring-10.0.0.jar:/home/ale/.m2/repository/com/vaadin/flow-server/1.0.0/flow-server-1.0.0.jar:/home/ale/.m2/repository/com/google/gwt/gwt-elemental/2.8.2/gwt-elemental-2.8.2.jar:/home/ale/.m2/repository/commons-fileupload/commons-fileupload/1.3.3/commons-fileupload-1.3.3.jar:/home/ale/.m2/repository/commons-io/commons-io/2.5/commons-io-2.5.jar:/home/ale/.m2/repository/com/helger/ph-css/6.1.1/ph-css-6.1.1.jar:/home/ale/.m2/repository/com/helger/ph-commons/9.0.2/ph-commons-9.0.2.jar:/home/ale/.m2/repository/com/google/code/findbugs/jsr305/3.0.2/jsr305-3.0.2.jar:/home/ale/.m2/repository/com/vaadin/flow-push/1.0.0/flow-push-1.0.0.jar:/home/ale/.m2/repository/com/vaadin/external/atmosphere/atmosphere-runtime/2.4.24.vaadin1/atmosphere-runtime-2.4.24.vaadin1.jar:/home/ale/.m2/repository/com/vaadin/external/slf4j/vaadin-slf4j-jdk14/1.6.1/vaadin-slf4j-jdk14-1.6.1.jar:/home/ale/.m2/repository/com/vaadin/flow-client/1.0.0/flow-client-1.0.0.jar:/home/ale/.m2/repository/org/springframework/spring-websocket/5.0.7.RELEASE/spring-websocket-5.0.7.RELEASE.jar:/home/ale/.m2/repository/com/vaadin/vaadin-core/10.0.1/vaadin-core-10.0.1.jar:/home/ale/.m2/repository/com/vaadin/flow-html-components/1.0.0/flow-html-components-1.0.0.jar:/home/ale/.m2/repository/com/vaadin/flow-data/1.0.0/flow-data-1.0.0.jar:/home/ale/.m2/repository/com/vaadin/vaadin-lumo-theme/1.0.0/vaadin-lumo-theme-1.0.0.jar:/home/ale/.m2/repository/org/webjars/bowergithub/polymerelements/iron-flex-layout/2.0.3/iron-flex-layout-2.0.3.jar:/home/ale/.m2/repository/org/webjars/bowergithub/polymer/polymer/2.6.0/polymer-2.6.0.jar:/home/ale/.m2/repository/org/webjars/bowergithub/webcomponents/shadycss/1.2.1/shadycss-1.2.1.jar:/home/ale/.m2/repository/org/webjars/bowergithub/webcomponents/webcomponentsjs/1.2.0/webcomponentsjs-1.2.0.jar:/home/ale/.m2/repository/com/vaadin/vaadin-button-flow/1.0.0/vaadin-button-flow-1.0.0.jar:/home/ale/.m2/repository/org/webjars/bowergithub/vaadin/vaadin-button/2.0.1/vaadin-button-2.0.1.jar:/home/ale/.m2/repository/org/webjars/bowergithub/vaadin/vaadin-control-state-mixin/2.0.3/vaadin-control-state-mixin-2.0.3.jar:/home/ale/.m2/repository/org/webjars/bowergithub/vaadin/vaadin-element-mixin/1.0.2/vaadin-element-mixin-1.0.2.jar:/home/ale/.m2/repository/org/webjars/bowergithub/vaadin/vaadin-usage-statistics/1.0.8/vaadin-usage-statistics-1.0.8.jar:/home/ale/.m2/repository/org/webjars/bowergithub/vaadin/vaadin-development-mode-detector/1.0.3/vaadin-development-mode-detector-1.0.3.jar:/home/ale/.m2/repository/org/webjars/bowergithub/vaadin/vaadin-lumo-styles/1.2.0/vaadin-lumo-styles-1.2.0.jar:/home/ale/.m2/repository/org/webjars/bowergithub/vaadin/vaadin-themable-mixin/1.1.6/vaadin-themable-mixin-1.1.6.jar:/home/ale/.m2/repository/com/vaadin/vaadin-checkbox-flow/1.0.0/vaadin-checkbox-flow-1.0.0.jar:/home/ale/.m2/repository/org/webjars/bowergithub/vaadin/vaadin-checkbox/2.1.1/vaadin-checkbox-2.1.1.jar:/home/ale/.m2/repository/com/vaadin/vaadin-combo-box-flow/1.0.0/vaadin-combo-box-flow-1.0.0.jar:/home/ale/.m2/repository/org/webjars/bowergithub/vaadin/vaadin-combo-box/4.0.1/vaadin-combo-box-4.0.1.jar:/home/ale/.m2/repository/org/webjars/bowergithub/polymerelements/iron-resizable-behavior/2.1.0/iron-resizable-behavior-2.1.0.jar:/home/ale/.m2/repository/org/webjars/bowergithub/polymerelements/iron-a11y-announcer/2.1.0/iron-a11y-announcer-2.1.0.jar:/home/ale/.m2/repository/org/webjars/bowergithub/polymerelements/iron-a11y-keys-behavior/2.1.1/iron-a11y-keys-behavior-2.1.1.jar:/home/ale/.m2/repository/org/webjars/bowergithub/vaadin/vaadin-item/2.1.0/vaadin-item-2.1.0.jar:/home/ale/.m2/repository/org/webjars/bowergithub/vaadin/vaadin-material-styles/1.2.0/vaadin-material-styles-1.2.0.jar:/home/ale/.m2/repository/org/webjars/bowergithub/vaadin/vaadin-overlay/3.0.3/vaadin-overlay-3.0.3.jar:/home/ale/.m2/repository/org/webjars/bowergithub/polymerelements/iron-overlay-behavior/2.3.4/iron-overlay-behavior-2.3.4.jar:/home/ale/.m2/repository/org/webjars/bowergithub/polymerelements/iron-fit-behavior/2.2.0/iron-fit-behavior-2.2.0.jar:/home/ale/.m2/repository/com/vaadin/vaadin-date-picker-flow/1.0.0/vaadin-date-picker-flow-1.0.0.jar:/home/ale/.m2/repository/org/webjars/bowergithub/vaadin/vaadin-date-picker/3.0.2/vaadin-date-picker-3.0.2.jar:/home/ale/.m2/repository/org/webjars/bowergithub/polymerelements/iron-media-query/2.1.0/iron-media-query-2.1.0.jar:/home/ale/.m2/repository/com/vaadin/vaadin-dialog-flow/1.0.0/vaadin-dialog-flow-1.0.0.jar:/home/ale/.m2/repository/org/webjars/bowergithub/vaadin/vaadin-dialog/2.0.2/vaadin-dialog-2.0.2.jar:/home/ale/.m2/repository/com/vaadin/vaadin-form-layout-flow/1.0.0/vaadin-form-layout-flow-1.0.0.jar:/home/ale/.m2/repository/org/webjars/bowergithub/vaadin/vaadin-form-layout/2.0.1/vaadin-form-layout-2.0.1.jar:/home/ale/.m2/repository/com/vaadin/vaadin-grid-flow/1.0.0/vaadin-grid-flow-1.0.0.jar:/home/ale/.m2/repository/org/webjars/bowergithub/vaadin/vaadin-grid/5.0.4/vaadin-grid-5.0.4.jar:/home/ale/.m2/repository/org/webjars/bowergithub/polymerelements/iron-scroll-target-behavior/2.1.1/iron-scroll-target-behavior-2.1.1.jar:/home/ale/.m2/repository/org/apache/commons/commons-lang3/3.7/commons-lang3-3.7.jar:/home/ale/.m2/repository/com/vaadin/vaadin-icons-flow/1.0.0/vaadin-icons-flow-1.0.0.jar:/home/ale/.m2/repository/org/webjars/bowergithub/vaadin/vaadin-icons/4.1.4/vaadin-icons-4.1.4.jar:/home/ale/.m2/repository/org/webjars/bowergithub/polymerelements/iron-icon/2.1.0/iron-icon-2.1.0.jar:/home/ale/.m2/repository/org/webjars/bowergithub/polymerelements/iron-meta/2.1.1/iron-meta-2.1.1.jar:/home/ale/.m2/repository/org/webjars/bowergithub/polymerelements/iron-iconset-svg/2.2.1/iron-iconset-svg-2.2.1.jar:/home/ale/.m2/repository/com/vaadin/vaadin-iron-list-flow/1.0.0/vaadin-iron-list-flow-1.0.0.jar:/home/ale/.m2/repository/org/webjars/bowergithub/polymerelements/iron-list/2.0.12/iron-list-2.0.12.jar:/home/ale/.m2/repository/com/vaadin/vaadin-list-box-flow/1.0.0/vaadin-list-box-flow-1.0.0.jar:/home/ale/.m2/repository/org/webjars/bowergithub/vaadin/vaadin-list-box/1.0.2/vaadin-list-box-1.0.2.jar:/home/ale/.m2/repository/org/webjars/bowergithub/vaadin/vaadin-list-mixin/2.0.0/vaadin-list-mixin-2.0.0.jar:/home/ale/.m2/repository/com/vaadin/vaadin-ordered-layout-flow/1.0.0/vaadin-ordered-layout-flow-1.0.0.jar:/home/ale/.m2/repository/org/webjars/bowergithub/vaadin/vaadin-ordered-layout/1.0.2/vaadin-ordered-layout-1.0.2.jar:/home/ale/.m2/repository/com/vaadin/vaadin-progress-bar-flow/1.0.0/vaadin-progress-bar-flow-1.0.0.jar:/home/ale/.m2/repository/org/webjars/bowergithub/vaadin/vaadin-progress-bar/1.0.0/vaadin-progress-bar-1.0.0.jar:/home/ale/.m2/repository/com/vaadin/vaadin-radio-button-flow/1.0.0/vaadin-radio-button-flow-1.0.0.jar:/home/ale/.m2/repository/org/webjars/bowergithub/vaadin/vaadin-radio-button/1.0.1/vaadin-radio-button-1.0.1.jar:/home/ale/.m2/repository/com/vaadin/vaadin-split-layout-flow/1.0.0/vaadin-split-layout-flow-1.0.0.jar:/home/ale/.m2/repository/org/webjars/bowergithub/vaadin/vaadin-split-layout/4.0.0/vaadin-split-layout-4.0.0.jar:/home/ale/.m2/repository/com/vaadin/vaadin-tabs-flow/1.0.0/vaadin-tabs-flow-1.0.0.jar:/home/ale/.m2/repository/org/webjars/bowergithub/vaadin/vaadin-tabs/2.0.0/vaadin-tabs-2.0.0.jar:/home/ale/.m2/repository/com/vaadin/vaadin-text-field-flow/1.0.0/vaadin-text-field-flow-1.0.0.jar:/home/ale/.m2/repository/org/webjars/bowergithub/vaadin/vaadin-text-field/2.0.1/vaadin-text-field-2.0.1.jar:/home/ale/.m2/repository/com/vaadin/vaadin-upload-flow/1.0.0/vaadin-upload-flow-1.0.0.jar:/home/ale/.m2/repository/org/webjars/bowergithub/vaadin/vaadin-upload/4.0.0/vaadin-upload-4.0.0.jar:/home/ale/.m2/repository/com/vaadin/vaadin-notification-flow/1.0.0/vaadin-notification-flow-1.0.0.jar:/home/ale/.m2/repository/org/webjars/bowergithub/vaadin/vaadin-notification/1.0.0/vaadin-notification-1.0.0.jar:/home/ale/.m2/repository/com/h2database/h2/1.4.197/h2-1.4.197.jar:/home/ale/.m2/repository/org/springframework/boot/spring-boot-starter-test/2.0.3.RELEASE/spring-boot-starter-test-2.0.3.RELEASE.jar:/home/ale/.m2/repository/org/springframework/boot/spring-boot-test/2.0.3.RELEASE/spring-boot-test-2.0.3.RELEASE.jar:/home/ale/.m2/repository/org/springframework/boot/spring-boot-test-autoconfigure/2.0.3.RELEASE/spring-boot-test-autoconfigure-2.0.3.RELEASE.jar:/home/ale/.m2/repository/com/jayway/jsonpath/json-path/2.4.0/json-path-2.4.0.jar:/home/ale/.m2/repository/net/minidev/json-smart/2.3/json-smart-2.3.jar:/home/ale/.m2/repository/net/minidev/accessors-smart/1.2/accessors-smart-1.2.jar:/home/ale/.m2/repository/org/ow2/asm/asm/5.0.4/asm-5.0.4.jar:/home/ale/.m2/repository/junit/junit/4.12/junit-4.12.jar:/home/ale/.m2/repository/org/assertj/assertj-core/3.9.1/assertj-core-3.9.1.jar:/home/ale/.m2/repository/org/mockito/mockito-core/2.15.0/mockito-core-2.15.0.jar:/home/ale/.m2/repository/net/bytebuddy/byte-buddy/1.7.11/byte-buddy-1.7.11.jar:/home/ale/.m2/repository/net/bytebuddy/byte-buddy-agent/1.7.11/byte-buddy-agent-1.7.11.jar:/home/ale/.m2/repository/org/objenesis/objenesis/2.6/objenesis-2.6.jar:/home/ale/.m2/repository/org/hamcrest/hamcrest-core/1.3/hamcrest-core-1.3.jar:/home/ale/.m2/repository/org/hamcrest/hamcrest-library/1.3/hamcrest-library-1.3.jar:/home/ale/.m2/repository/org/skyscreamer/jsonassert/1.5.0/jsonassert-1.5.0.jar:/home/ale/.m2/repository/com/vaadin/external/google/android-json/0.0.20131108.vaadin1/android-json-0.0.20131108.vaadin1.jar:/home/ale/.m2/repository/org/springframework/spring-core/5.0.7.RELEASE/spring-core-5.0.7.RELEASE.jar:/home/ale/.m2/repository/org/springframework/spring-jcl/5.0.7.RELEASE/spring-jcl-5.0.7.RELEASE.jar:/home/ale/.m2/repository/org/springframework/spring-test/5.0.7.RELEASE/spring-test-5.0.7.RELEASE.jar:/home/ale/.m2/repository/org/xmlunit/xmlunit-core/2.5.1/xmlunit-core-2.5.1.jar:/home/ale/.m2/repository/mysql/mysql-connector-java/5.1.46/mysql-connector-java-5.1.46.jar:/home/ale/.m2/repository/javax/xml/bind/jaxb-api/2.2.11/jaxb-api-2.2.11.jar:/home/ale/.m2/repository/com/sun/xml/bind/jaxb-core/2.2.11/jaxb-core-2.2.11.jar:/home/ale/.m2/repository/com/sun/xml/bind/jaxb-impl/2.2.11/jaxb-impl-2.2.11.jar:/home/ale/.m2/repository/javax/activation/activation/1.1.1/activation-1.1.1.jar:/home/ale/.m2/repository/org/springframework/boot/spring-boot-starter-web/2.0.3.RELEASE/spring-boot-starter-web-2.0.3.RELEASE.jar:/home/ale/.m2/repository/org/springframework/boot/spring-boot-starter-json/2.0.3.RELEASE/spring-boot-starter-json-2.0.3.RELEASE.jar:/home/ale/.m2/repository/com/fasterxml/jackson/core/jackson-databind/2.9.6/jackson-databind-2.9.6.jar:/home/ale/.m2/repository/com/fasterxml/jackson/core/jackson-annotations/2.9.0/jackson-annotations-2.9.0.jar:/home/ale/.m2/repository/com/fasterxml/jackson/core/jackson-core/2.9.6/jackson-core-2.9.6.jar:/home/ale/.m2/repository/com/fasterxml/jackson/datatype/jackson-datatype-jdk8/2.9.6/jackson-datatype-jdk8-2.9.6.jar:/home/ale/.m2/repository/com/fasterxml/jackson/datatype/jackson-datatype-jsr310/2.9.6/jackson-datatype-jsr310-2.9.6.jar:/home/ale/.m2/repository/com/fasterxml/jackson/module/jackson-module-parameter-names/2.9.6/jackson-module-parameter-names-2.9.6.jar:/home/ale/.m2/repository/org/hibernate/validator/hibernate-validator/6.0.10.Final/hibernate-validator-6.0.10.Final.jar:/home/ale/.m2/repository/javax/validation/validation-api/2.0.1.Final/validation-api-2.0.1.Final.jar:/home/ale/.m2/repository/org/springframework/spring-web/5.0.7.RELEASE/spring-web-5.0.7.RELEASE.jar:/home/ale/.m2/repository/org/springframework/spring-webmvc/5.0.7.RELEASE/spring-webmvc-5.0.7.RELEASE.jar:/home/ale/.m2/repository/org/springframework/spring-expression/5.0.7.RELEASE/spring-expression-5.0.7.RELEASE.jar:/home/ale/.m2/repository/org/springframework/boot/spring-boot-starter-tomcat/2.0.3.RELEASE/spring-boot-starter-tomcat-2.0.3.RELEASE.jar:/home/ale/.m2/repository/javax/annotation/javax.annotation-api/1.3.2/javax.annotation-api-1.3.2.jar:/home/ale/.m2/repository/org/apache/tomcat/embed/tomcat-embed-core/8.5.31/tomcat-embed-core-8.5.31.jar:/home/ale/.m2/repository/org/apache/tomcat/embed/tomcat-embed-el/8.5.31/tomcat-embed-el-8.5.31.jar:/home/ale/.m2/repository/org/apache/tomcat/embed/tomcat-embed-websocket/8.5.31/tomcat-embed-websocket-8.5.31.jar:/home/ale/.m2/repository/org/vaadin/teemusa/sidemenu/2.0.0/sidemenu-2.0.0.jar:/home/ale/.m2/repository/com/vaadin/vaadin-server/8.0.5/vaadin-server-8.0.5.jar:/home/ale/.m2/repository/com/vaadin/vaadin-sass-compiler/0.9.13/vaadin-sass-compiler-0.9.13.jar:/home/ale/.m2/repository/org/w3c/css/sac/1.3/sac-1.3.jar:/home/ale/.m2/repository/com/vaadin/external/flute/flute/1.3.0.gg2/flute-1.3.0.gg2.jar:/home/ale/.m2/repository/com/vaadin/vaadin-shared/8.0.5/vaadin-shared-8.0.5.jar:/home/ale/.m2/repository/org/jsoup/jsoup/1.8.3/jsoup-1.8.3.jar:/home/ale/.m2/repository/com/googlecode/gentyref/gentyref/1.2.0/gentyref-1.2.0.jar:"/>
    <property name="java.vm.vendor" value="Oracle Corporation"/>
    <property name="sun.arch.data.model" value="64"/>
    <property name="java.vendor.url" value="http://java.oracle.com/"/>
    <property name="user.timezone" value=""/>
    <property name="java.vm.specification.version" value="1.8"/>
    <property name="os.name" value="Linux"/>
    <property name="user.country" value="AR"/>
    <property name="sun.java.launcher" value="SUN_STANDARD"/>
    <property name="sun.boot.library.path" value="/usr/lib/jvm/java-8-oracle/jre/lib/amd64"/>
    <property name="sun.java.command" value="/home/ale/git/gs-crud-with-vaadin/complete/target/surefire/surefirebooter7859546078045356240.jar /home/ale/git/gs-crud-with-vaadin/complete/target/surefire 2018-10-08T22-13-14_412-jvmRun1 surefire3002815479227374198tmp surefire_03142628039783338347tmp"/>
    <property name="surefire.test.class.path" value="/home/ale/git/gs-crud-with-vaadin/complete/target/test-classes:/home/ale/git/gs-crud-with-vaadin/complete/target/classes:/home/ale/.m2/repository/org/springframework/boot/spring-boot-starter-data-jpa/2.0.3.RELEASE/spring-boot-starter-data-jpa-2.0.3.RELEASE.jar:/home/ale/.m2/repository/org/springframework/boot/spring-boot-starter/2.0.3.RELEASE/spring-boot-starter-2.0.3.RELEASE.jar:/home/ale/.m2/repository/org/springframework/boot/spring-boot/2.0.3.RELEASE/spring-boot-2.0.3.RELEASE.jar:/home/ale/.m2/repository/org/springframework/boot/spring-boot-autoconfigure/2.0.3.RELEASE/spring-boot-autoconfigure-2.0.3.RELEASE.jar:/home/ale/.m2/repository/org/springframework/boot/spring-boot-starter-logging/2.0.3.RELEASE/spring-boot-starter-logging-2.0.3.RELEASE.jar:/home/ale/.m2/repository/ch/qos/logback/logback-classic/1.2.3/logback-classic-1.2.3.jar:/home/ale/.m2/repository/ch/qos/logback/logback-core/1.2.3/logback-core-1.2.3.jar:/home/ale/.m2/repository/org/apache/logging/log4j/log4j-to-slf4j/2.10.0/log4j-to-slf4j-2.10.0.jar:/home/ale/.m2/repository/org/apache/logging/log4j/log4j-api/2.10.0/log4j-api-2.10.0.jar:/home/ale/.m2/repository/org/slf4j/jul-to-slf4j/1.7.25/jul-to-slf4j-1.7.25.jar:/home/ale/.m2/repository/org/yaml/snakeyaml/1.19/snakeyaml-1.19.jar:/home/ale/.m2/repository/org/springframework/boot/spring-boot-starter-aop/2.0.3.RELEASE/spring-boot-starter-aop-2.0.3.RELEASE.jar:/home/ale/.m2/repository/org/springframework/spring-aop/5.0.7.RELEASE/spring-aop-5.0.7.RELEASE.jar:/home/ale/.m2/repository/org/aspectj/aspectjweaver/1.8.13/aspectjweaver-1.8.13.jar:/home/ale/.m2/repository/org/springframework/boot/spring-boot-starter-jdbc/2.0.3.RELEASE/spring-boot-starter-jdbc-2.0.3.RELEASE.jar:/home/ale/.m2/repository/com/zaxxer/HikariCP/2.7.9/HikariCP-2.7.9.jar:/home/ale/.m2/repository/org/springframework/spring-jdbc/5.0.7.RELEASE/spring-jdbc-5.0.7.RELEASE.jar:/home/ale/.m2/repository/org/hibernate/hibernate-core/5.2.17.Final/hibernate-core-5.2.17.Final.jar:/home/ale/.m2/repository/org/jboss/logging/jboss-logging/3.3.2.Final/jboss-logging-3.3.2.Final.jar:/home/ale/.m2/repository/org/hibernate/javax/persistence/hibernate-jpa-2.1-api/1.0.2.Final/hibernate-jpa-2.1-api-1.0.2.Final.jar:/home/ale/.m2/repository/org/javassist/javassist/3.22.0-GA/javassist-3.22.0-GA.jar:/home/ale/.m2/repository/antlr/antlr/2.7.7/antlr-2.7.7.jar:/home/ale/.m2/repository/org/jboss/jandex/2.0.3.Final/jandex-2.0.3.Final.jar:/home/ale/.m2/repository/com/fasterxml/classmate/1.3.4/classmate-1.3.4.jar:/home/ale/.m2/repository/dom4j/dom4j/1.6.1/dom4j-1.6.1.jar:/home/ale/.m2/repository/org/hibernate/common/hibernate-commons-annotations/5.0.1.Final/hibernate-commons-annotations-5.0.1.Final.jar:/home/ale/.m2/repository/javax/transaction/javax.transaction-api/1.2/javax.transaction-api-1.2.jar:/home/ale/.m2/repository/org/springframework/data/spring-data-jpa/2.0.8.RELEASE/spring-data-jpa-2.0.8.RELEASE.jar:/home/ale/.m2/repository/org/springframework/data/spring-data-commons/2.0.8.RELEASE/spring-data-commons-2.0.8.RELEASE.jar:/home/ale/.m2/repository/org/springframework/spring-orm/5.0.7.RELEASE/spring-orm-5.0.7.RELEASE.jar:/home/ale/.m2/repository/org/springframework/spring-context/5.0.7.RELEASE/spring-context-5.0.7.RELEASE.jar:/home/ale/.m2/repository/org/springframework/spring-tx/5.0.7.RELEASE/spring-tx-5.0.7.RELEASE.jar:/home/ale/.m2/repository/org/springframework/spring-beans/5.0.7.RELEASE/spring-beans-5.0.7.RELEASE.jar:/home/ale/.m2/repository/org/slf4j/slf4j-api/1.7.25/slf4j-api-1.7.25.jar:/home/ale/.m2/repository/org/springframework/spring-aspects/5.0.7.RELEASE/spring-aspects-5.0.7.RELEASE.jar:/home/ale/.m2/repository/com/vaadin/vaadin-spring-boot-starter/10.0.1/vaadin-spring-boot-starter-10.0.1.jar:/home/ale/.m2/repository/com/vaadin/vaadin-spring/10.0.0/vaadin-spring-10.0.0.jar:/home/ale/.m2/repository/com/vaadin/flow-server/1.0.0/flow-server-1.0.0.jar:/home/ale/.m2/repository/com/google/gwt/gwt-elemental/2.8.2/gwt-elemental-2.8.2.jar:/home/ale/.m2/repository/commons-fileupload/commons-fileupload/1.3.3/commons-fileupload-1.3.3.jar:/home/ale/.m2/repository/commons-io/commons-io/2.5/commons-io-2.5.jar:/home/ale/.m2/repository/com/helger/ph-css/6.1.1/ph-css-6.1.1.jar:/home/ale/.m2/repository/com/helger/ph-commons/9.0.2/ph-commons-9.0.2.jar:/home/ale/.m2/repository/com/google/code/findbugs/jsr305/3.0.2/jsr305-3.0.2.jar:/home/ale/.m2/repository/com/vaadin/flow-push/1.0.0/flow-push-1.0.0.jar:/home/ale/.m2/repository/com/vaadin/external/atmosphere/atmosphere-runtime/2.4.24.vaadin1/atmosphere-runtime-2.4.24.vaadin1.jar:/home/ale/.m2/repository/com/vaadin/external/slf4j/vaadin-slf4j-jdk14/1.6.1/vaadin-slf4j-jdk14-1.6.1.jar:/home/ale/.m2/repository/com/vaadin/flow-client/1.0.0/flow-client-1.0.0.jar:/home/ale/.m2/repository/org/springframework/spring-websocket/5.0.7.RELEASE/spring-websocket-5.0.7.RELEASE.jar:/home/ale/.m2/repository/com/vaadin/vaadin-core/10.0.1/vaadin-core-10.0.1.jar:/home/ale/.m2/repository/com/vaadin/flow-html-components/1.0.0/flow-html-components-1.0.0.jar:/home/ale/.m2/repository/com/vaadin/flow-data/1.0.0/flow-data-1.0.0.jar:/home/ale/.m2/repository/com/vaadin/vaadin-lumo-theme/1.0.0/vaadin-lumo-theme-1.0.0.jar:/home/ale/.m2/repository/org/webjars/bowergithub/polymerelements/iron-flex-layout/2.0.3/iron-flex-layout-2.0.3.jar:/home/ale/.m2/repository/org/webjars/bowergithub/polymer/polymer/2.6.0/polymer-2.6.0.jar:/home/ale/.m2/repository/org/webjars/bowergithub/webcomponents/shadycss/1.2.1/shadycss-1.2.1.jar:/home/ale/.m2/repository/org/webjars/bowergithub/webcomponents/webcomponentsjs/1.2.0/webcomponentsjs-1.2.0.jar:/home/ale/.m2/repository/com/vaadin/vaadin-button-flow/1.0.0/vaadin-button-flow-1.0.0.jar:/home/ale/.m2/repository/org/webjars/bowergithub/vaadin/vaadin-button/2.0.1/vaadin-button-2.0.1.jar:/home/ale/.m2/repository/org/webjars/bowergithub/vaadin/vaadin-control-state-mixin/2.0.3/vaadin-control-state-mixin-2.0.3.jar:/home/ale/.m2/repository/org/webjars/bowergithub/vaadin/vaadin-element-mixin/1.0.2/vaadin-element-mixin-1.0.2.jar:/home/ale/.m2/repository/org/webjars/bowergithub/vaadin/vaadin-usage-statistics/1.0.8/vaadin-usage-statistics-1.0.8.jar:/home/ale/.m2/repository/org/webjars/bowergithub/vaadin/vaadin-development-mode-detector/1.0.3/vaadin-development-mode-detector-1.0.3.jar:/home/ale/.m2/repository/org/webjars/bowergithub/vaadin/vaadin-lumo-styles/1.2.0/vaadin-lumo-styles-1.2.0.jar:/home/ale/.m2/repository/org/webjars/bowergithub/vaadin/vaadin-themable-mixin/1.1.6/vaadin-themable-mixin-1.1.6.jar:/home/ale/.m2/repository/com/vaadin/vaadin-checkbox-flow/1.0.0/vaadin-checkbox-flow-1.0.0.jar:/home/ale/.m2/repository/org/webjars/bowergithub/vaadin/vaadin-checkbox/2.1.1/vaadin-checkbox-2.1.1.jar:/home/ale/.m2/repository/com/vaadin/vaadin-combo-box-flow/1.0.0/vaadin-combo-box-flow-1.0.0.jar:/home/ale/.m2/repository/org/webjars/bowergithub/vaadin/vaadin-combo-box/4.0.1/vaadin-combo-box-4.0.1.jar:/home/ale/.m2/repository/org/webjars/bowergithub/polymerelements/iron-resizable-behavior/2.1.0/iron-resizable-behavior-2.1.0.jar:/home/ale/.m2/repository/org/webjars/bowergithub/polymerelements/iron-a11y-announcer/2.1.0/iron-a11y-announcer-2.1.0.jar:/home/ale/.m2/repository/org/webjars/bowergithub/polymerelements/iron-a11y-keys-behavior/2.1.1/iron-a11y-keys-behavior-2.1.1.jar:/home/ale/.m2/repository/org/webjars/bowergithub/vaadin/vaadin-item/2.1.0/vaadin-item-2.1.0.jar:/home/ale/.m2/repository/org/webjars/bowergithub/vaadin/vaadin-material-styles/1.2.0/vaadin-material-styles-1.2.0.jar:/home/ale/.m2/repository/org/webjars/bowergithub/vaadin/vaadin-overlay/3.0.3/vaadin-overlay-3.0.3.jar:/home/ale/.m2/repository/org/webjars/bowergithub/polymerelements/iron-overlay-behavior/2.3.4/iron-overlay-behavior-2.3.4.jar:/home/ale/.m2/repository/org/webjars/bowergithub/polymerelements/iron-fit-behavior/2.2.0/iron-fit-behavior-2.2.0.jar:/home/ale/.m2/repository/com/vaadin/vaadin-date-picker-flow/1.0.0/vaadin-date-picker-flow-1.0.0.jar:/home/ale/.m2/repository/org/webjars/bowergithub/vaadin/vaadin-date-picker/3.0.2/vaadin-date-picker-3.0.2.jar:/home/ale/.m2/repository/org/webjars/bowergithub/polymerelements/iron-media-query/2.1.0/iron-media-query-2.1.0.jar:/home/ale/.m2/repository/com/vaadin/vaadin-dialog-flow/1.0.0/vaadin-dialog-flow-1.0.0.jar:/home/ale/.m2/repository/org/webjars/bowergithub/vaadin/vaadin-dialog/2.0.2/vaadin-dialog-2.0.2.jar:/home/ale/.m2/repository/com/vaadin/vaadin-form-layout-flow/1.0.0/vaadin-form-layout-flow-1.0.0.jar:/home/ale/.m2/repository/org/webjars/bowergithub/vaadin/vaadin-form-layout/2.0.1/vaadin-form-layout-2.0.1.jar:/home/ale/.m2/repository/com/vaadin/vaadin-grid-flow/1.0.0/vaadin-grid-flow-1.0.0.jar:/home/ale/.m2/repository/org/webjars/bowergithub/vaadin/vaadin-grid/5.0.4/vaadin-grid-5.0.4.jar:/home/ale/.m2/repository/org/webjars/bowergithub/polymerelements/iron-scroll-target-behavior/2.1.1/iron-scroll-target-behavior-2.1.1.jar:/home/ale/.m2/repository/org/apache/commons/commons-lang3/3.7/commons-lang3-3.7.jar:/home/ale/.m2/repository/com/vaadin/vaadin-icons-flow/1.0.0/vaadin-icons-flow-1.0.0.jar:/home/ale/.m2/repository/org/webjars/bowergithub/vaadin/vaadin-icons/4.1.4/vaadin-icons-4.1.4.jar:/home/ale/.m2/repository/org/webjars/bowergithub/polymerelements/iron-icon/2.1.0/iron-icon-2.1.0.jar:/home/ale/.m2/repository/org/webjars/bowergithub/polymerelements/iron-meta/2.1.1/iron-meta-2.1.1.jar:/home/ale/.m2/repository/org/webjars/bowergithub/polymerelements/iron-iconset-svg/2.2.1/iron-iconset-svg-2.2.1.jar:/home/ale/.m2/repository/com/vaadin/vaadin-iron-list-flow/1.0.0/vaadin-iron-list-flow-1.0.0.jar:/home/ale/.m2/repository/org/webjars/bowergithub/polymerelements/iron-list/2.0.12/iron-list-2.0.12.jar:/home/ale/.m2/repository/com/vaadin/vaadin-list-box-flow/1.0.0/vaadin-list-box-flow-1.0.0.jar:/home/ale/.m2/repository/org/webjars/bowergithub/vaadin/vaadin-list-box/1.0.2/vaadin-list-box-1.0.2.jar:/home/ale/.m2/repository/org/webjars/bowergithub/vaadin/vaadin-list-mixin/2.0.0/vaadin-list-mixin-2.0.0.jar:/home/ale/.m2/repository/com/vaadin/vaadin-ordered-layout-flow/1.0.0/vaadin-ordered-layout-flow-1.0.0.jar:/home/ale/.m2/repository/org/webjars/bowergithub/vaadin/vaadin-ordered-layout/1.0.2/vaadin-ordered-layout-1.0.2.jar:/home/ale/.m2/repository/com/vaadin/vaadin-progress-bar-flow/1.0.0/vaadin-progress-bar-flow-1.0.0.jar:/home/ale/.m2/repository/org/webjars/bowergithub/vaadin/vaadin-progress-bar/1.0.0/vaadin-progress-bar-1.0.0.jar:/home/ale/.m2/repository/com/vaadin/vaadin-radio-button-flow/1.0.0/vaadin-radio-button-flow-1.0.0.jar:/home/ale/.m2/repository/org/webjars/bowergithub/vaadin/vaadin-radio-button/1.0.1/vaadin-radio-button-1.0.1.jar:/home/ale/.m2/repository/com/vaadin/vaadin-split-layout-flow/1.0.0/vaadin-split-layout-flow-1.0.0.jar:/home/ale/.m2/repository/org/webjars/bowergithub/vaadin/vaadin-split-layout/4.0.0/vaadin-split-layout-4.0.0.jar:/home/ale/.m2/repository/com/vaadin/vaadin-tabs-flow/1.0.0/vaadin-tabs-flow-1.0.0.jar:/home/ale/.m2/repository/org/webjars/bowergithub/vaadin/vaadin-tabs/2.0.0/vaadin-tabs-2.0.0.jar:/home/ale/.m2/repository/com/vaadin/vaadin-text-field-flow/1.0.0/vaadin-text-field-flow-1.0.0.jar:/home/ale/.m2/repository/org/webjars/bowergithub/vaadin/vaadin-text-field/2.0.1/vaadin-text-field-2.0.1.jar:/home/ale/.m2/repository/com/vaadin/vaadin-upload-flow/1.0.0/vaadin-upload-flow-1.0.0.jar:/home/ale/.m2/repository/org/webjars/bowergithub/vaadin/vaadin-upload/4.0.0/vaadin-upload-4.0.0.jar:/home/ale/.m2/repository/com/vaadin/vaadin-notification-flow/1.0.0/vaadin-notification-flow-1.0.0.jar:/home/ale/.m2/repository/org/webjars/bowergithub/vaadin/vaadin-notification/1.0.0/vaadin-notification-1.0.0.jar:/home/ale/.m2/repository/com/h2database/h2/1.4.197/h2-1.4.197.jar:/home/ale/.m2/repository/org/springframework/boot/spring-boot-starter-test/2.0.3.RELEASE/spring-boot-starter-test-2.0.3.RELEASE.jar:/home/ale/.m2/repository/org/springframework/boot/spring-boot-test/2.0.3.RELEASE/spring-boot-test-2.0.3.RELEASE.jar:/home/ale/.m2/repository/org/springframework/boot/spring-boot-test-autoconfigure/2.0.3.RELEASE/spring-boot-test-autoconfigure-2.0.3.RELEASE.jar:/home/ale/.m2/repository/com/jayway/jsonpath/json-path/2.4.0/json-path-2.4.0.jar:/home/ale/.m2/repository/net/minidev/json-smart/2.3/json-smart-2.3.jar:/home/ale/.m2/repository/net/minidev/accessors-smart/1.2/accessors-smart-1.2.jar:/home/ale/.m2/repository/org/ow2/asm/asm/5.0.4/asm-5.0.4.jar:/home/ale/.m2/repository/junit/junit/4.12/junit-4.12.jar:/home/ale/.m2/repository/org/assertj/assertj-core/3.9.1/assertj-core-3.9.1.jar:/home/ale/.m2/repository/org/mockito/mockito-core/2.15.0/mockito-core-2.15.0.jar:/home/ale/.m2/repository/net/bytebuddy/byte-buddy/1.7.11/byte-buddy-1.7.11.jar:/home/ale/.m2/repository/net/bytebuddy/byte-buddy-agent/1.7.11/byte-buddy-agent-1.7.11.jar:/home/ale/.m2/repository/org/objenesis/objenesis/2.6/objenesis-2.6.jar:/home/ale/.m2/repository/org/hamcrest/hamcrest-core/1.3/hamcrest-core-1.3.jar:/home/ale/.m2/repository/org/hamcrest/hamcrest-library/1.3/hamcrest-library-1.3.jar:/home/ale/.m2/repository/org/skyscreamer/jsonassert/1.5.0/jsonassert-1.5.0.jar:/home/ale/.m2/repository/com/vaadin/external/google/android-json/0.0.20131108.vaadin1/android-json-0.0.20131108.vaadin1.jar:/home/ale/.m2/repository/org/springframework/spring-core/5.0.7.RELEASE/spring-core-5.0.7.RELEASE.jar:/home/ale/.m2/repository/org/springframework/spring-jcl/5.0.7.RELEASE/spring-jcl-5.0.7.RELEASE.jar:/home/ale/.m2/repository/org/springframework/spring-test/5.0.7.RELEASE/spring-test-5.0.7.RELEASE.jar:/home/ale/.m2/repository/org/xmlunit/xmlunit-core/2.5.1/xmlunit-core-2.5.1.jar:/home/ale/.m2/repository/mysql/mysql-connector-java/5.1.46/mysql-connector-java-5.1.46.jar:/home/ale/.m2/repository/javax/xml/bind/jaxb-api/2.2.11/jaxb-api-2.2.11.jar:/home/ale/.m2/repository/com/sun/xml/bind/jaxb-core/2.2.11/jaxb-core-2.2.11.jar:/home/ale/.m2/repository/com/sun/xml/bind/jaxb-impl/2.2.11/jaxb-impl-2.2.11.jar:/home/ale/.m2/repository/javax/activation/activation/1.1.1/activation-1.1.1.jar:/home/ale/.m2/repository/org/springframework/boot/spring-boot-starter-web/2.0.3.RELEASE/spring-boot-starter-web-2.0.3.RELEASE.jar:/home/ale/.m2/repository/org/springframework/boot/spring-boot-starter-json/2.0.3.RELEASE/spring-boot-starter-json-2.0.3.RELEASE.jar:/home/ale/.m2/repository/com/fasterxml/jackson/core/jackson-databind/2.9.6/jackson-databind-2.9.6.jar:/home/ale/.m2/repository/com/fasterxml/jackson/core/jackson-annotations/2.9.0/jackson-annotations-2.9.0.jar:/home/ale/.m2/repository/com/fasterxml/jackson/core/jackson-core/2.9.6/jackson-core-2.9.6.jar:/home/ale/.m2/repository/com/fasterxml/jackson/datatype/jackson-datatype-jdk8/2.9.6/jackson-datatype-jdk8-2.9.6.jar:/home/ale/.m2/repository/com/fasterxml/jackson/datatype/jackson-datatype-jsr310/2.9.6/jackson-datatype-jsr310-2.9.6.jar:/home/ale/.m2/repository/com/fasterxml/jackson/module/jackson-module-parameter-names/2.9.6/jackson-module-parameter-names-2.9.6.jar:/home/ale/.m2/repository/org/hibernate/validator/hibernate-validator/6.0.10.Final/hibernate-validator-6.0.10.Final.jar:/home/ale/.m2/repository/javax/validation/validation-api/2.0.1.Final/validation-api-2.0.1.Final.jar:/home/ale/.m2/repository/org/springframework/spring-web/5.0.7.RELEASE/spring-web-5.0.7.RELEASE.jar:/home/ale/.m2/repository/org/springframework/spring-webmvc/5.0.7.RELEASE/spring-webmvc-5.0.7.RELEASE.jar:/home/ale/.m2/repository/org/springframework/spring-expression/5.0.7.RELEASE/spring-expression-5.0.7.RELEASE.jar:/home/ale/.m2/repository/org/springframework/boot/spring-boot-starter-tomcat/2.0.3.RELEASE/spring-boot-starter-tomcat-2.0.3.RELEASE.jar:/home/ale/.m2/repository/javax/annotation/javax.annotation-api/1.3.2/javax.annotation-api-1.3.2.jar:/home/ale/.m2/repository/org/apache/tomcat/embed/tomcat-embed-core/8.5.31/tomcat-embed-core-8.5.31.jar:/home/ale/.m2/repository/org/apache/tomcat/embed/tomcat-embed-el/8.5.31/tomcat-embed-el-8.5.31.jar:/home/ale/.m2/repository/org/apache/tomcat/embed/tomcat-embed-websocket/8.5.31/tomcat-embed-websocket-8.5.31.jar:/home/ale/.m2/repository/org/vaadin/teemusa/sidemenu/2.0.0/sidemenu-2.0.0.jar:/home/ale/.m2/repository/com/vaadin/vaadin-server/8.0.5/vaadin-server-8.0.5.jar:/home/ale/.m2/repository/com/vaadin/vaadin-sass-compiler/0.9.13/vaadin-sass-compiler-0.9.13.jar:/home/ale/.m2/repository/org/w3c/css/sac/1.3/sac-1.3.jar:/home/ale/.m2/repository/com/vaadin/external/flute/flute/1.3.0.gg2/flute-1.3.0.gg2.jar:/home/ale/.m2/repository/com/vaadin/vaadin-shared/8.0.5/vaadin-shared-8.0.5.jar:/home/ale/.m2/repository/org/jsoup/jsoup/1.8.3/jsoup-1.8.3.jar:/home/ale/.m2/repository/com/googlecode/gentyref/gentyref/1.2.0/gentyref-1.2.0.jar:"/>
    <property name="sun.cpu.endian" value="little"/>
    <property name="user.home" value="/home/ale"/>
    <property name="user.language" value="es"/>
    <property name="java.specification.vendor" value="Oracle Corporation"/>
    <property name="java.home" value="/usr/lib/jvm/java-8-oracle/jre"/>
    <property name="basedir" value="/home/ale/git/gs-crud-with-vaadin/complete"/>
    <property name="file.separator" value="/"/>
    <property name="line.separator" value="&#10;"/>
    <property name="java.vm.specification.vendor" value="Oracle Corporation"/>
    <property name="java.specification.name" value="Java Platform API Specification"/>
    <property name="java.awt.graphicsenv" value="sun.awt.X11GraphicsEnvironment"/>
    <property name="surefire.real.class.path" value="/home/ale/git/gs-crud-with-vaadin/complete/target/surefire/surefirebooter7859546078045356240.jar"/>
    <property name="sun.boot.class.path" value="/usr/lib/jvm/java-8-oracle/jre/lib/resources.jar:/usr/lib/jvm/java-8-oracle/jre/lib/rt.jar:/usr/lib/jvm/java-8-oracle/jre/lib/sunrsasign.jar:/usr/lib/jvm/java-8-oracle/jre/lib/jsse.jar:/usr/lib/jvm/java-8-oracle/jre/lib/jce.jar:/usr/lib/jvm/java-8-oracle/jre/lib/charsets.jar:/usr/lib/jvm/java-8-oracle/jre/lib/jfr.jar:/usr/lib/jvm/java-8-oracle/jre/classes"/>
    <property name="sun.management.compiler" value="HotSpot 64-Bit Tiered Compilers"/>
    <property name="java.runtime.version" value="1.8.0_181-b13"/>
    <property name="user.name" value="ale"/>
    <property name="path.separator" value=":"/>
    <property name="os.version" value="4.15.0-20-generic"/>
    <property name="java.endorsed.dirs" value="/usr/lib/jvm/java-8-oracle/jre/lib/endorsed"/>
    <property name="java.runtime.name" value="Java(TM) SE Runtime Environment"/>
    <property name="file.encoding" value="UTF-8"/>
    <property name="java.vm.name" value="Java HotSpot(TM) 64-Bit Server VM"/>
    <property name="localRepository" value="/home/ale/.m2/repository"/>
    <property name="java.vendor.url.bug" value="http://bugreport.sun.com/bugreport/"/>
    <property name="java.io.tmpdir" value="/tmp"/>
    <property name="java.version" value="1.8.0_181"/>
    <property name="user.dir" value="/home/ale/git/gs-crud-with-vaadin/complete"/>
    <property name="os.arch" value="amd64"/>
    <property name="java.vm.specification.name" value="Java Virtual Machine Specification"/>
    <property name="java.awt.printerjob" value="sun.print.PSPrinterJob"/>
    <property name="sun.os.patch.level" value="unknown"/>
    <property name="java.library.path" value="/usr/java/packages/lib/amd64:/usr/lib64:/lib64:/lib:/usr/lib"/>
    <property name="java.vm.info" value="mixed mode"/>
    <property name="java.vendor" value="Oracle Corporation"/>
    <property name="java.vm.version" value="25.181-b13"/>
    <property name="java.ext.dirs" value="/usr/lib/jvm/java-8-oracle/jre/lib/ext:/usr/java/packages/lib/ext"/>
    <property name="sun.io.unicode.encoding" value="UnicodeLittle"/>
    <property name="java.class.version" value="52.0"/>
  </properties>
  <testcase name="shouldInitializeWithInvisibleEditor" classname="hello.MainViewTests" time="0.019">
    <error type="java.lang.NullPointerException">java.lang.NullPointerException
	at hello.MainViewTests.setup(MainViewTests.java:39)
</error>
    <system-out><![CDATA[22:13:16.519 [main] DEBUG org.springframework.test.context.junit4.SpringJUnit4ClassRunner - SpringJUnit4ClassRunner constructor called with [class hello.MainViewTests]
22:13:16.526 [main] DEBUG org.springframework.test.context.BootstrapUtils - Instantiating CacheAwareContextLoaderDelegate from class [org.springframework.test.context.cache.DefaultCacheAwareContextLoaderDelegate]
22:13:16.541 [main] DEBUG org.springframework.test.context.BootstrapUtils - Instantiating BootstrapContext using constructor [public org.springframework.test.context.support.DefaultBootstrapContext(java.lang.Class,org.springframework.test.context.CacheAwareContextLoaderDelegate)]
22:13:16.578 [main] DEBUG org.springframework.test.context.BootstrapUtils - Instantiating TestContextBootstrapper for test class [hello.MainViewTests] from class [org.springframework.boot.test.context.SpringBootTestContextBootstrapper]
22:13:16.614 [main] INFO org.springframework.boot.test.context.SpringBootTestContextBootstrapper - Neither @ContextConfiguration nor @ContextHierarchy found for test class [hello.MainViewTests], using SpringBootContextLoader
22:13:16.619 [main] DEBUG org.springframework.test.context.support.AbstractContextLoader - Did not detect default resource location for test class [hello.MainViewTests]: class path resource [hello/MainViewTests-context.xml] does not exist
22:13:16.619 [main] DEBUG org.springframework.test.context.support.AbstractContextLoader - Did not detect default resource location for test class [hello.MainViewTests]: class path resource [hello/MainViewTestsContext.groovy] does not exist
22:13:16.619 [main] INFO org.springframework.test.context.support.AbstractContextLoader - Could not detect default resource locations for test class [hello.MainViewTests]: no resource found for suffixes {-context.xml, Context.groovy}.
22:13:16.706 [main] DEBUG org.springframework.test.context.support.ActiveProfilesUtils - Could not find an 'annotation declaring class' for annotation type [org.springframework.test.context.ActiveProfiles] and class [hello.MainViewTests]
22:13:16.913 [main] DEBUG org.springframework.boot.test.context.SpringBootTestContextBootstrapper - @TestExecutionListeners is not present for class [hello.MainViewTests]: using defaults.
22:13:16.914 [main] INFO org.springframework.boot.test.context.SpringBootTestContextBootstrapper - Loaded default TestExecutionListener class names from location [META-INF/spring.factories]: [org.springframework.boot.test.mock.mockito.MockitoTestExecutionListener, org.springframework.boot.test.mock.mockito.ResetMocksTestExecutionListener, org.springframework.boot.test.autoconfigure.restdocs.RestDocsTestExecutionListener, org.springframework.boot.test.autoconfigure.web.client.MockRestServiceServerResetTestExecutionListener, org.springframework.boot.test.autoconfigure.web.servlet.MockMvcPrintOnlyOnFailureTestExecutionListener, org.springframework.boot.test.autoconfigure.web.servlet.WebDriverTestExecutionListener, org.springframework.test.context.web.ServletTestExecutionListener, org.springframework.test.context.support.DirtiesContextBeforeModesTestExecutionListener, org.springframework.test.context.support.DependencyInjectionTestExecutionListener, org.springframework.test.context.support.DirtiesContextTestExecutionListener, org.springframework.test.context.transaction.TransactionalTestExecutionListener, org.springframework.test.context.jdbc.SqlScriptsTestExecutionListener]
22:13:16.946 [main] INFO org.springframework.boot.test.context.SpringBootTestContextBootstrapper - Using TestExecutionListeners: [org.springframework.test.context.web.ServletTestExecutionListener@5c8eee0f, org.springframework.test.context.support.DirtiesContextBeforeModesTestExecutionListener@565b064f, org.springframework.boot.test.mock.mockito.MockitoTestExecutionListener@26425897, org.springframework.boot.test.autoconfigure.SpringBootDependencyInjectionTestExecutionListener@73163d48, org.springframework.test.context.support.DirtiesContextTestExecutionListener@58c34bb3, org.springframework.test.context.transaction.TransactionalTestExecutionListener@56a4479a, org.springframework.test.context.jdbc.SqlScriptsTestExecutionListener@62163b39, org.springframework.boot.test.mock.mockito.ResetMocksTestExecutionListener@20a8a64e, org.springframework.boot.test.autoconfigure.restdocs.RestDocsTestExecutionListener@62f4ff3b, org.springframework.boot.test.autoconfigure.web.client.MockRestServiceServerResetTestExecutionListener@1698fc68, org.springframework.boot.test.autoconfigure.web.servlet.MockMvcPrintOnlyOnFailureTestExecutionListener@4504d271, org.springframework.boot.test.autoconfigure.web.servlet.WebDriverTestExecutionListener@207b8649]
22:13:16.948 [main] DEBUG org.springframework.test.annotation.ProfileValueUtils - Retrieved @ProfileValueSourceConfiguration [null] for test class [hello.MainViewTests]
22:13:16.949 [main] DEBUG org.springframework.test.annotation.ProfileValueUtils - Retrieved ProfileValueSource type [class org.springframework.test.annotation.SystemProfileValueSource] for class [hello.MainViewTests]
22:13:16.950 [main] DEBUG org.springframework.test.annotation.ProfileValueUtils - Retrieved @ProfileValueSourceConfiguration [null] for test class [hello.MainViewTests]
22:13:16.950 [main] DEBUG org.springframework.test.annotation.ProfileValueUtils - Retrieved ProfileValueSource type [class org.springframework.test.annotation.SystemProfileValueSource] for class [hello.MainViewTests]
22:13:16.951 [main] DEBUG org.springframework.test.annotation.ProfileValueUtils - Retrieved @ProfileValueSourceConfiguration [null] for test class [hello.MainViewTests]
22:13:16.951 [main] DEBUG org.springframework.test.annotation.ProfileValueUtils - Retrieved ProfileValueSource type [class org.springframework.test.annotation.SystemProfileValueSource] for class [hello.MainViewTests]
22:13:16.962 [main] DEBUG org.springframework.test.context.support.AbstractDirtiesContextTestExecutionListener - Before test class: context [DefaultTestContext@30bcf3c1 testClass = MainViewTests, testInstance = [null], testMethod = [null], testException = [null], mergedContextConfiguration = [MergedContextConfiguration@2a3c96e3 testClass = MainViewTests, locations = '{}', classes = '{class hello.MainViewTests$Config, class hello.MainViewTests$Config}', contextInitializerClasses = '[]', activeProfiles = '{}', propertySourceLocations = '{}', propertySourceProperties = '{org.springframework.boot.test.context.SpringBootTestContextBootstrapper=true}', contextCustomizers = set[org.springframework.boot.test.context.filter.ExcludeFilterContextCustomizer@5443d039, org.springframework.boot.test.json.DuplicateJsonObjectContextCustomizerFactory$DuplicateJsonObjectContextCustomizer@48e92c5c, org.springframework.boot.test.mock.mockito.MockitoContextCustomizer@0, org.springframework.boot.test.web.client.TestRestTemplateContextCustomizer@6138e79a, org.springframework.boot.test.autoconfigure.properties.PropertyMappingContextCustomizer@0, org.springframework.boot.test.autoconfigure.web.servlet.WebDriverContextCustomizerFactory$Customizer@5a18cd76], contextLoader = 'org.springframework.boot.test.context.SpringBootContextLoader', parent = [null]], attributes = map[[empty]]], class annotated with @DirtiesContext [false] with mode [null].
22:13:16.963 [main] DEBUG org.springframework.test.annotation.ProfileValueUtils - Retrieved @ProfileValueSourceConfiguration [null] for test class [hello.MainViewTests]
22:13:16.963 [main] DEBUG org.springframework.test.annotation.ProfileValueUtils - Retrieved ProfileValueSource type [class org.springframework.test.annotation.SystemProfileValueSource] for class [hello.MainViewTests]
22:13:17.056 [main] DEBUG org.springframework.test.context.support.DependencyInjectionTestExecutionListener - Performing dependency injection for test context [[DefaultTestContext@30bcf3c1 testClass = MainViewTests, testInstance = hello.MainViewTests@1d7f7be7, testMethod = [null], testException = [null], mergedContextConfiguration = [MergedContextConfiguration@2a3c96e3 testClass = MainViewTests, locations = '{}', classes = '{class hello.MainViewTests$Config, class hello.MainViewTests$Config}', contextInitializerClasses = '[]', activeProfiles = '{}', propertySourceLocations = '{}', propertySourceProperties = '{org.springframework.boot.test.context.SpringBootTestContextBootstrapper=true}', contextCustomizers = set[org.springframework.boot.test.context.filter.ExcludeFilterContextCustomizer@5443d039, org.springframework.boot.test.json.DuplicateJsonObjectContextCustomizerFactory$DuplicateJsonObjectContextCustomizer@48e92c5c, org.springframework.boot.test.mock.mockito.MockitoContextCustomizer@0, org.springframework.boot.test.web.client.TestRestTemplateContextCustomizer@6138e79a, org.springframework.boot.test.autoconfigure.properties.PropertyMappingContextCustomizer@0, org.springframework.boot.test.autoconfigure.web.servlet.WebDriverContextCustomizerFactory$Customizer@5a18cd76], contextLoader = 'org.springframework.boot.test.context.SpringBootContextLoader', parent = [null]], attributes = map[[empty]]]].
22:13:17.096 [main] DEBUG org.springframework.core.env.StandardEnvironment - Adding PropertySource 'systemProperties' with lowest search precedence
22:13:17.096 [main] DEBUG org.springframework.core.env.StandardEnvironment - Adding PropertySource 'systemEnvironment' with lowest search precedence
22:13:17.097 [main] DEBUG org.springframework.core.env.StandardEnvironment - Initialized StandardEnvironment with PropertySources [MapPropertySource@832145584 {name='systemProperties', properties={java.runtime.name=Java(TM) SE Runtime Environment, sun.boot.library.path=/usr/lib/jvm/java-8-oracle/jre/lib/amd64, java.vm.version=25.181-b13, java.vm.vendor=Oracle Corporation, java.vendor.url=http://java.oracle.com/, path.separator=:, java.vm.name=Java HotSpot(TM) 64-Bit Server VM, file.encoding.pkg=sun.io, user.country=AR, sun.java.launcher=SUN_STANDARD, sun.os.patch.level=unknown, java.vm.specification.name=Java Virtual Machine Specification, user.dir=/home/ale/git/gs-crud-with-vaadin/complete, java.runtime.version=1.8.0_181-b13, basedir=/home/ale/git/gs-crud-with-vaadin/complete, java.awt.graphicsenv=sun.awt.X11GraphicsEnvironment, java.endorsed.dirs=/usr/lib/jvm/java-8-oracle/jre/lib/endorsed, os.arch=amd64, surefire.real.class.path=/home/ale/git/gs-crud-with-vaadin/complete/target/surefire/surefirebooter7859546078045356240.jar, java.io.tmpdir=/tmp, line.separator=
, java.vm.specification.vendor=Oracle Corporation, os.name=Linux, sun.jnu.encoding=UTF-8, java.library.path=/usr/java/packages/lib/amd64:/usr/lib64:/lib64:/lib:/usr/lib, surefire.test.class.path=/home/ale/git/gs-crud-with-vaadin/complete/target/test-classes:/home/ale/git/gs-crud-with-vaadin/complete/target/classes:/home/ale/.m2/repository/org/springframework/boot/spring-boot-starter-data-jpa/2.0.3.RELEASE/spring-boot-starter-data-jpa-2.0.3.RELEASE.jar:/home/ale/.m2/repository/org/springframework/boot/spring-boot-starter/2.0.3.RELEASE/spring-boot-starter-2.0.3.RELEASE.jar:/home/ale/.m2/repository/org/springframework/boot/spring-boot/2.0.3.RELEASE/spring-boot-2.0.3.RELEASE.jar:/home/ale/.m2/repository/org/springframework/boot/spring-boot-autoconfigure/2.0.3.RELEASE/spring-boot-autoconfigure-2.0.3.RELEASE.jar:/home/ale/.m2/repository/org/springframework/boot/spring-boot-starter-logging/2.0.3.RELEASE/spring-boot-starter-logging-2.0.3.RELEASE.jar:/home/ale/.m2/repository/ch/qos/logback/logback-classic/1.2.3/logback-classic-1.2.3.jar:/home/ale/.m2/repository/ch/qos/logback/logback-core/1.2.3/logback-core-1.2.3.jar:/home/ale/.m2/repository/org/apache/logging/log4j/log4j-to-slf4j/2.10.0/log4j-to-slf4j-2.10.0.jar:/home/ale/.m2/repository/org/apache/logging/log4j/log4j-api/2.10.0/log4j-api-2.10.0.jar:/home/ale/.m2/repository/org/slf4j/jul-to-slf4j/1.7.25/jul-to-slf4j-1.7.25.jar:/home/ale/.m2/repository/org/yaml/snakeyaml/1.19/snakeyaml-1.19.jar:/home/ale/.m2/repository/org/springframework/boot/spring-boot-starter-aop/2.0.3.RELEASE/spring-boot-starter-aop-2.0.3.RELEASE.jar:/home/ale/.m2/repository/org/springframework/spring-aop/5.0.7.RELEASE/spring-aop-5.0.7.RELEASE.jar:/home/ale/.m2/repository/org/aspectj/aspectjweaver/1.8.13/aspectjweaver-1.8.13.jar:/home/ale/.m2/repository/org/springframework/boot/spring-boot-starter-jdbc/2.0.3.RELEASE/spring-boot-starter-jdbc-2.0.3.RELEASE.jar:/home/ale/.m2/repository/com/zaxxer/HikariCP/2.7.9/HikariCP-2.7.9.jar:/home/ale/.m2/repository/org/springframework/spring-jdbc/5.0.7.RELEASE/spring-jdbc-5.0.7.RELEASE.jar:/home/ale/.m2/repository/org/hibernate/hibernate-core/5.2.17.Final/hibernate-core-5.2.17.Final.jar:/home/ale/.m2/repository/org/jboss/logging/jboss-logging/3.3.2.Final/jboss-logging-3.3.2.Final.jar:/home/ale/.m2/repository/org/hibernate/javax/persistence/hibernate-jpa-2.1-api/1.0.2.Final/hibernate-jpa-2.1-api-1.0.2.Final.jar:/home/ale/.m2/repository/org/javassist/javassist/3.22.0-GA/javassist-3.22.0-GA.jar:/home/ale/.m2/repository/antlr/antlr/2.7.7/antlr-2.7.7.jar:/home/ale/.m2/repository/org/jboss/jandex/2.0.3.Final/jandex-2.0.3.Final.jar:/home/ale/.m2/repository/com/fasterxml/classmate/1.3.4/classmate-1.3.4.jar:/home/ale/.m2/repository/dom4j/dom4j/1.6.1/dom4j-1.6.1.jar:/home/ale/.m2/repository/org/hibernate/common/hibernate-commons-annotations/5.0.1.Final/hibernate-commons-annotations-5.0.1.Final.jar:/home/ale/.m2/repository/javax/transaction/javax.transaction-api/1.2/javax.transaction-api-1.2.jar:/home/ale/.m2/repository/org/springframework/data/spring-data-jpa/2.0.8.RELEASE/spring-data-jpa-2.0.8.RELEASE.jar:/home/ale/.m2/repository/org/springframework/data/spring-data-commons/2.0.8.RELEASE/spring-data-commons-2.0.8.RELEASE.jar:/home/ale/.m2/repository/org/springframework/spring-orm/5.0.7.RELEASE/spring-orm-5.0.7.RELEASE.jar:/home/ale/.m2/repository/org/springframework/spring-context/5.0.7.RELEASE/spring-context-5.0.7.RELEASE.jar:/home/ale/.m2/repository/org/springframework/spring-tx/5.0.7.RELEASE/spring-tx-5.0.7.RELEASE.jar:/home/ale/.m2/repository/org/springframework/spring-beans/5.0.7.RELEASE/spring-beans-5.0.7.RELEASE.jar:/home/ale/.m2/repository/org/slf4j/slf4j-api/1.7.25/slf4j-api-1.7.25.jar:/home/ale/.m2/repository/org/springframework/spring-aspects/5.0.7.RELEASE/spring-aspects-5.0.7.RELEASE.jar:/home/ale/.m2/repository/com/vaadin/vaadin-spring-boot-starter/10.0.1/vaadin-spring-boot-starter-10.0.1.jar:/home/ale/.m2/repository/com/vaadin/vaadin-spring/10.0.0/vaadin-spring-10.0.0.jar:/home/ale/.m2/repository/com/vaadin/flow-server/1.0.0/flow-server-1.0.0.jar:/home/ale/.m2/repository/com/google/gwt/gwt-elemental/2.8.2/gwt-elemental-2.8.2.jar:/home/ale/.m2/repository/commons-fileupload/commons-fileupload/1.3.3/commons-fileupload-1.3.3.jar:/home/ale/.m2/repository/commons-io/commons-io/2.5/commons-io-2.5.jar:/home/ale/.m2/repository/com/helger/ph-css/6.1.1/ph-css-6.1.1.jar:/home/ale/.m2/repository/com/helger/ph-commons/9.0.2/ph-commons-9.0.2.jar:/home/ale/.m2/repository/com/google/code/findbugs/jsr305/3.0.2/jsr305-3.0.2.jar:/home/ale/.m2/repository/com/vaadin/flow-push/1.0.0/flow-push-1.0.0.jar:/home/ale/.m2/repository/com/vaadin/external/atmosphere/atmosphere-runtime/2.4.24.vaadin1/atmosphere-runtime-2.4.24.vaadin1.jar:/home/ale/.m2/repository/com/vaadin/external/slf4j/vaadin-slf4j-jdk14/1.6.1/vaadin-slf4j-jdk14-1.6.1.jar:/home/ale/.m2/repository/com/vaadin/flow-client/1.0.0/flow-client-1.0.0.jar:/home/ale/.m2/repository/org/springframework/spring-websocket/5.0.7.RELEASE/spring-websocket-5.0.7.RELEASE.jar:/home/ale/.m2/repository/com/vaadin/vaadin-core/10.0.1/vaadin-core-10.0.1.jar:/home/ale/.m2/repository/com/vaadin/flow-html-components/1.0.0/flow-html-components-1.0.0.jar:/home/ale/.m2/repository/com/vaadin/flow-data/1.0.0/flow-data-1.0.0.jar:/home/ale/.m2/repository/com/vaadin/vaadin-lumo-theme/1.0.0/vaadin-lumo-theme-1.0.0.jar:/home/ale/.m2/repository/org/webjars/bowergithub/polymerelements/iron-flex-layout/2.0.3/iron-flex-layout-2.0.3.jar:/home/ale/.m2/repository/org/webjars/bowergithub/polymer/polymer/2.6.0/polymer-2.6.0.jar:/home/ale/.m2/repository/org/webjars/bowergithub/webcomponents/shadycss/1.2.1/shadycss-1.2.1.jar:/home/ale/.m2/repository/org/webjars/bowergithub/webcomponents/webcomponentsjs/1.2.0/webcomponentsjs-1.2.0.jar:/home/ale/.m2/repository/com/vaadin/vaadin-button-flow/1.0.0/vaadin-button-flow-1.0.0.jar:/home/ale/.m2/repository/org/webjars/bowergithub/vaadin/vaadin-button/2.0.1/vaadin-button-2.0.1.jar:/home/ale/.m2/repository/org/webjars/bowergithub/vaadin/vaadin-control-state-mixin/2.0.3/vaadin-control-state-mixin-2.0.3.jar:/home/ale/.m2/repository/org/webjars/bowergithub/vaadin/vaadin-element-mixin/1.0.2/vaadin-element-mixin-1.0.2.jar:/home/ale/.m2/repository/org/webjars/bowergithub/vaadin/vaadin-usage-statistics/1.0.8/vaadin-usage-statistics-1.0.8.jar:/home/ale/.m2/repository/org/webjars/bowergithub/vaadin/vaadin-development-mode-detector/1.0.3/vaadin-development-mode-detector-1.0.3.jar:/home/ale/.m2/repository/org/webjars/bowergithub/vaadin/vaadin-lumo-styles/1.2.0/vaadin-lumo-styles-1.2.0.jar:/home/ale/.m2/repository/org/webjars/bowergithub/vaadin/vaadin-themable-mixin/1.1.6/vaadin-themable-mixin-1.1.6.jar:/home/ale/.m2/repository/com/vaadin/vaadin-checkbox-flow/1.0.0/vaadin-checkbox-flow-1.0.0.jar:/home/ale/.m2/repository/org/webjars/bowergithub/vaadin/vaadin-checkbox/2.1.1/vaadin-checkbox-2.1.1.jar:/home/ale/.m2/repository/com/vaadin/vaadin-combo-box-flow/1.0.0/vaadin-combo-box-flow-1.0.0.jar:/home/ale/.m2/repository/org/webjars/bowergithub/vaadin/vaadin-combo-box/4.0.1/vaadin-combo-box-4.0.1.jar:/home/ale/.m2/repository/org/webjars/bowergithub/polymerelements/iron-resizable-behavior/2.1.0/iron-resizable-behavior-2.1.0.jar:/home/ale/.m2/repository/org/webjars/bowergithub/polymerelements/iron-a11y-announcer/2.1.0/iron-a11y-announcer-2.1.0.jar:/home/ale/.m2/repository/org/webjars/bowergithub/polymerelements/iron-a11y-keys-behavior/2.1.1/iron-a11y-keys-behavior-2.1.1.jar:/home/ale/.m2/repository/org/webjars/bowergithub/vaadin/vaadin-item/2.1.0/vaadin-item-2.1.0.jar:/home/ale/.m2/repository/org/webjars/bowergithub/vaadin/vaadin-material-styles/1.2.0/vaadin-material-styles-1.2.0.jar:/home/ale/.m2/repository/org/webjars/bowergithub/vaadin/vaadin-overlay/3.0.3/vaadin-overlay-3.0.3.jar:/home/ale/.m2/repository/org/webjars/bowergithub/polymerelements/iron-overlay-behavior/2.3.4/iron-overlay-behavior-2.3.4.jar:/home/ale/.m2/repository/org/webjars/bowergithub/polymerelements/iron-fit-behavior/2.2.0/iron-fit-behavior-2.2.0.jar:/home/ale/.m2/repository/com/vaadin/vaadin-date-picker-flow/1.0.0/vaadin-date-picker-flow-1.0.0.jar:/home/ale/.m2/repository/org/webjars/bowergithub/vaadin/vaadin-date-picker/3.0.2/vaadin-date-picker-3.0.2.jar:/home/ale/.m2/repository/org/webjars/bowergithub/polymerelements/iron-media-query/2.1.0/iron-media-query-2.1.0.jar:/home/ale/.m2/repository/com/vaadin/vaadin-dialog-flow/1.0.0/vaadin-dialog-flow-1.0.0.jar:/home/ale/.m2/repository/org/webjars/bowergithub/vaadin/vaadin-dialog/2.0.2/vaadin-dialog-2.0.2.jar:/home/ale/.m2/repository/com/vaadin/vaadin-form-layout-flow/1.0.0/vaadin-form-layout-flow-1.0.0.jar:/home/ale/.m2/repository/org/webjars/bowergithub/vaadin/vaadin-form-layout/2.0.1/vaadin-form-layout-2.0.1.jar:/home/ale/.m2/repository/com/vaadin/vaadin-grid-flow/1.0.0/vaadin-grid-flow-1.0.0.jar:/home/ale/.m2/repository/org/webjars/bowergithub/vaadin/vaadin-grid/5.0.4/vaadin-grid-5.0.4.jar:/home/ale/.m2/repository/org/webjars/bowergithub/polymerelements/iron-scroll-target-behavior/2.1.1/iron-scroll-target-behavior-2.1.1.jar:/home/ale/.m2/repository/org/apache/commons/commons-lang3/3.7/commons-lang3-3.7.jar:/home/ale/.m2/repository/com/vaadin/vaadin-icons-flow/1.0.0/vaadin-icons-flow-1.0.0.jar:/home/ale/.m2/repository/org/webjars/bowergithub/vaadin/vaadin-icons/4.1.4/vaadin-icons-4.1.4.jar:/home/ale/.m2/repository/org/webjars/bowergithub/polymerelements/iron-icon/2.1.0/iron-icon-2.1.0.jar:/home/ale/.m2/repository/org/webjars/bowergithub/polymerelements/iron-meta/2.1.1/iron-meta-2.1.1.jar:/home/ale/.m2/repository/org/webjars/bowergithub/polymerelements/iron-iconset-svg/2.2.1/iron-iconset-svg-2.2.1.jar:/home/ale/.m2/repository/com/vaadin/vaadin-iron-list-flow/1.0.0/vaadin-iron-list-flow-1.0.0.jar:/home/ale/.m2/repository/org/webjars/bowergithub/polymerelements/iron-list/2.0.12/iron-list-2.0.12.jar:/home/ale/.m2/repository/com/vaadin/vaadin-list-box-flow/1.0.0/vaadin-list-box-flow-1.0.0.jar:/home/ale/.m2/repository/org/webjars/bowergithub/vaadin/vaadin-list-box/1.0.2/vaadin-list-box-1.0.2.jar:/home/ale/.m2/repository/org/webjars/bowergithub/vaadin/vaadin-list-mixin/2.0.0/vaadin-list-mixin-2.0.0.jar:/home/ale/.m2/repository/com/vaadin/vaadin-ordered-layout-flow/1.0.0/vaadin-ordered-layout-flow-1.0.0.jar:/home/ale/.m2/repository/org/webjars/bowergithub/vaadin/vaadin-ordered-layout/1.0.2/vaadin-ordered-layout-1.0.2.jar:/home/ale/.m2/repository/com/vaadin/vaadin-progress-bar-flow/1.0.0/vaadin-progress-bar-flow-1.0.0.jar:/home/ale/.m2/repository/org/webjars/bowergithub/vaadin/vaadin-progress-bar/1.0.0/vaadin-progress-bar-1.0.0.jar:/home/ale/.m2/repository/com/vaadin/vaadin-radio-button-flow/1.0.0/vaadin-radio-button-flow-1.0.0.jar:/home/ale/.m2/repository/org/webjars/bowergithub/vaadin/vaadin-radio-button/1.0.1/vaadin-radio-button-1.0.1.jar:/home/ale/.m2/repository/com/vaadin/vaadin-split-layout-flow/1.0.0/vaadin-split-layout-flow-1.0.0.jar:/home/ale/.m2/repository/org/webjars/bowergithub/vaadin/vaadin-split-layout/4.0.0/vaadin-split-layout-4.0.0.jar:/home/ale/.m2/repository/com/vaadin/vaadin-tabs-flow/1.0.0/vaadin-tabs-flow-1.0.0.jar:/home/ale/.m2/repository/org/webjars/bowergithub/vaadin/vaadin-tabs/2.0.0/vaadin-tabs-2.0.0.jar:/home/ale/.m2/repository/com/vaadin/vaadin-text-field-flow/1.0.0/vaadin-text-field-flow-1.0.0.jar:/home/ale/.m2/repository/org/webjars/bowergithub/vaadin/vaadin-text-field/2.0.1/vaadin-text-field-2.0.1.jar:/home/ale/.m2/repository/com/vaadin/vaadin-upload-flow/1.0.0/vaadin-upload-flow-1.0.0.jar:/home/ale/.m2/repository/org/webjars/bowergithub/vaadin/vaadin-upload/4.0.0/vaadin-upload-4.0.0.jar:/home/ale/.m2/repository/com/vaadin/vaadin-notification-flow/1.0.0/vaadin-notification-flow-1.0.0.jar:/home/ale/.m2/repository/org/webjars/bowergithub/vaadin/vaadin-notification/1.0.0/vaadin-notification-1.0.0.jar:/home/ale/.m2/repository/com/h2database/h2/1.4.197/h2-1.4.197.jar:/home/ale/.m2/repository/org/springframework/boot/spring-boot-starter-test/2.0.3.RELEASE/spring-boot-starter-test-2.0.3.RELEASE.jar:/home/ale/.m2/repository/org/springframework/boot/spring-boot-test/2.0.3.RELEASE/spring-boot-test-2.0.3.RELEASE.jar:/home/ale/.m2/repository/org/springframework/boot/spring-boot-test-autoconfigure/2.0.3.RELEASE/spring-boot-test-autoconfigure-2.0.3.RELEASE.jar:/home/ale/.m2/repository/com/jayway/jsonpath/json-path/2.4.0/json-path-2.4.0.jar:/home/ale/.m2/repository/net/minidev/json-smart/2.3/json-smart-2.3.jar:/home/ale/.m2/repository/net/minidev/accessors-smart/1.2/accessors-smart-1.2.jar:/home/ale/.m2/repository/org/ow2/asm/asm/5.0.4/asm-5.0.4.jar:/home/ale/.m2/repository/junit/junit/4.12/junit-4.12.jar:/home/ale/.m2/repository/org/assertj/assertj-core/3.9.1/assertj-core-3.9.1.jar:/home/ale/.m2/repository/org/mockito/mockito-core/2.15.0/mockito-core-2.15.0.jar:/home/ale/.m2/repository/net/bytebuddy/byte-buddy/1.7.11/byte-buddy-1.7.11.jar:/home/ale/.m2/repository/net/bytebuddy/byte-buddy-agent/1.7.11/byte-buddy-agent-1.7.11.jar:/home/ale/.m2/repository/org/objenesis/objenesis/2.6/objenesis-2.6.jar:/home/ale/.m2/repository/org/hamcrest/hamcrest-core/1.3/hamcrest-core-1.3.jar:/home/ale/.m2/repository/org/hamcrest/hamcrest-library/1.3/hamcrest-library-1.3.jar:/home/ale/.m2/repository/org/skyscreamer/jsonassert/1.5.0/jsonassert-1.5.0.jar:/home/ale/.m2/repository/com/vaadin/external/google/android-json/0.0.20131108.vaadin1/android-json-0.0.20131108.vaadin1.jar:/home/ale/.m2/repository/org/springframework/spring-core/5.0.7.RELEASE/spring-core-5.0.7.RELEASE.jar:/home/ale/.m2/repository/org/springframework/spring-jcl/5.0.7.RELEASE/spring-jcl-5.0.7.RELEASE.jar:/home/ale/.m2/repository/org/springframework/spring-test/5.0.7.RELEASE/spring-test-5.0.7.RELEASE.jar:/home/ale/.m2/repository/org/xmlunit/xmlunit-core/2.5.1/xmlunit-core-2.5.1.jar:/home/ale/.m2/repository/mysql/mysql-connector-java/5.1.46/mysql-connector-java-5.1.46.jar:/home/ale/.m2/repository/javax/xml/bind/jaxb-api/2.2.11/jaxb-api-2.2.11.jar:/home/ale/.m2/repository/com/sun/xml/bind/jaxb-core/2.2.11/jaxb-core-2.2.11.jar:/home/ale/.m2/repository/com/sun/xml/bind/jaxb-impl/2.2.11/jaxb-impl-2.2.11.jar:/home/ale/.m2/repository/javax/activation/activation/1.1.1/activation-1.1.1.jar:/home/ale/.m2/repository/org/springframework/boot/spring-boot-starter-web/2.0.3.RELEASE/spring-boot-starter-web-2.0.3.RELEASE.jar:/home/ale/.m2/repository/org/springframework/boot/spring-boot-starter-json/2.0.3.RELEASE/spring-boot-starter-json-2.0.3.RELEASE.jar:/home/ale/.m2/repository/com/fasterxml/jackson/core/jackson-databind/2.9.6/jackson-databind-2.9.6.jar:/home/ale/.m2/repository/com/fasterxml/jackson/core/jackson-annotations/2.9.0/jackson-annotations-2.9.0.jar:/home/ale/.m2/repository/com/fasterxml/jackson/core/jackson-core/2.9.6/jackson-core-2.9.6.jar:/home/ale/.m2/repository/com/fasterxml/jackson/datatype/jackson-datatype-jdk8/2.9.6/jackson-datatype-jdk8-2.9.6.jar:/home/ale/.m2/repository/com/fasterxml/jackson/datatype/jackson-datatype-jsr310/2.9.6/jackson-datatype-jsr310-2.9.6.jar:/home/ale/.m2/repository/com/fasterxml/jackson/module/jackson-module-parameter-names/2.9.6/jackson-module-parameter-names-2.9.6.jar:/home/ale/.m2/repository/org/hibernate/validator/hibernate-validator/6.0.10.Final/hibernate-validator-6.0.10.Final.jar:/home/ale/.m2/repository/javax/validation/validation-api/2.0.1.Final/validation-api-2.0.1.Final.jar:/home/ale/.m2/repository/org/springframework/spring-web/5.0.7.RELEASE/spring-web-5.0.7.RELEASE.jar:/home/ale/.m2/repository/org/springframework/spring-webmvc/5.0.7.RELEASE/spring-webmvc-5.0.7.RELEASE.jar:/home/ale/.m2/repository/org/springframework/spring-expression/5.0.7.RELEASE/spring-expression-5.0.7.RELEASE.jar:/home/ale/.m2/repository/org/springframework/boot/spring-boot-starter-tomcat/2.0.3.RELEASE/spring-boot-starter-tomcat-2.0.3.RELEASE.jar:/home/ale/.m2/repository/javax/annotation/javax.annotation-api/1.3.2/javax.annotation-api-1.3.2.jar:/home/ale/.m2/repository/org/apache/tomcat/embed/tomcat-embed-core/8.5.31/tomcat-embed-core-8.5.31.jar:/home/ale/.m2/repository/org/apache/tomcat/embed/tomcat-embed-el/8.5.31/tomcat-embed-el-8.5.31.jar:/home/ale/.m2/repository/org/apache/tomcat/embed/tomcat-embed-websocket/8.5.31/tomcat-embed-websocket-8.5.31.jar:/home/ale/.m2/repository/org/vaadin/teemusa/sidemenu/2.0.0/sidemenu-2.0.0.jar:/home/ale/.m2/repository/com/vaadin/vaadin-server/8.0.5/vaadin-server-8.0.5.jar:/home/ale/.m2/repository/com/vaadin/vaadin-sass-compiler/0.9.13/vaadin-sass-compiler-0.9.13.jar:/home/ale/.m2/repository/org/w3c/css/sac/1.3/sac-1.3.jar:/home/ale/.m2/repository/com/vaadin/external/flute/flute/1.3.0.gg2/flute-1.3.0.gg2.jar:/home/ale/.m2/repository/com/vaadin/vaadin-shared/8.0.5/vaadin-shared-8.0.5.jar:/home/ale/.m2/repository/org/jsoup/jsoup/1.8.3/jsoup-1.8.3.jar:/home/ale/.m2/repository/com/googlecode/gentyref/gentyref/1.2.0/gentyref-1.2.0.jar:, java.specification.name=Java Platform API Specification, java.class.version=52.0, sun.management.compiler=HotSpot 64-Bit Tiered Compilers, os.version=4.15.0-20-generic, user.home=/home/ale, user.timezone=America/Argentina/Buenos_Aires, java.awt.printerjob=sun.print.PSPrinterJob, file.encoding=UTF-8, java.specification.version=1.8, java.class.path=/home/ale/git/gs-crud-with-vaadin/complete/target/test-classes:/home/ale/git/gs-crud-with-vaadin/complete/target/classes:/home/ale/.m2/repository/org/springframework/boot/spring-boot-starter-data-jpa/2.0.3.RELEASE/spring-boot-starter-data-jpa-2.0.3.RELEASE.jar:/home/ale/.m2/repository/org/springframework/boot/spring-boot-starter/2.0.3.RELEASE/spring-boot-starter-2.0.3.RELEASE.jar:/home/ale/.m2/repository/org/springframework/boot/spring-boot/2.0.3.RELEASE/spring-boot-2.0.3.RELEASE.jar:/home/ale/.m2/repository/org/springframework/boot/spring-boot-autoconfigure/2.0.3.RELEASE/spring-boot-autoconfigure-2.0.3.RELEASE.jar:/home/ale/.m2/repository/org/springframework/boot/spring-boot-starter-logging/2.0.3.RELEASE/spring-boot-starter-logging-2.0.3.RELEASE.jar:/home/ale/.m2/repository/ch/qos/logback/logback-classic/1.2.3/logback-classic-1.2.3.jar:/home/ale/.m2/repository/ch/qos/logback/logback-core/1.2.3/logback-core-1.2.3.jar:/home/ale/.m2/repository/org/apache/logging/log4j/log4j-to-slf4j/2.10.0/log4j-to-slf4j-2.10.0.jar:/home/ale/.m2/repository/org/apache/logging/log4j/log4j-api/2.10.0/log4j-api-2.10.0.jar:/home/ale/.m2/repository/org/slf4j/jul-to-slf4j/1.7.25/jul-to-slf4j-1.7.25.jar:/home/ale/.m2/repository/org/yaml/snakeyaml/1.19/snakeyaml-1.19.jar:/home/ale/.m2/repository/org/springframework/boot/spring-boot-starter-aop/2.0.3.RELEASE/spring-boot-starter-aop-2.0.3.RELEASE.jar:/home/ale/.m2/repository/org/springframework/spring-aop/5.0.7.RELEASE/spring-aop-5.0.7.RELEASE.jar:/home/ale/.m2/repository/org/aspectj/aspectjweaver/1.8.13/aspectjweaver-1.8.13.jar:/home/ale/.m2/repository/org/springframework/boot/spring-boot-starter-jdbc/2.0.3.RELEASE/spring-boot-starter-jdbc-2.0.3.RELEASE.jar:/home/ale/.m2/repository/com/zaxxer/HikariCP/2.7.9/HikariCP-2.7.9.jar:/home/ale/.m2/repository/org/springframework/spring-jdbc/5.0.7.RELEASE/spring-jdbc-5.0.7.RELEASE.jar:/home/ale/.m2/repository/org/hibernate/hibernate-core/5.2.17.Final/hibernate-core-5.2.17.Final.jar:/home/ale/.m2/repository/org/jboss/logging/jboss-logging/3.3.2.Final/jboss-logging-3.3.2.Final.jar:/home/ale/.m2/repository/org/hibernate/javax/persistence/hibernate-jpa-2.1-api/1.0.2.Final/hibernate-jpa-2.1-api-1.0.2.Final.jar:/home/ale/.m2/repository/org/javassist/javassist/3.22.0-GA/javassist-3.22.0-GA.jar:/home/ale/.m2/repository/antlr/antlr/2.7.7/antlr-2.7.7.jar:/home/ale/.m2/repository/org/jboss/jandex/2.0.3.Final/jandex-2.0.3.Final.jar:/home/ale/.m2/repository/com/fasterxml/classmate/1.3.4/classmate-1.3.4.jar:/home/ale/.m2/repository/dom4j/dom4j/1.6.1/dom4j-1.6.1.jar:/home/ale/.m2/repository/org/hibernate/common/hibernate-commons-annotations/5.0.1.Final/hibernate-commons-annotations-5.0.1.Final.jar:/home/ale/.m2/repository/javax/transaction/javax.transaction-api/1.2/javax.transaction-api-1.2.jar:/home/ale/.m2/repository/org/springframework/data/spring-data-jpa/2.0.8.RELEASE/spring-data-jpa-2.0.8.RELEASE.jar:/home/ale/.m2/repository/org/springframework/data/spring-data-commons/2.0.8.RELEASE/spring-data-commons-2.0.8.RELEASE.jar:/home/ale/.m2/repository/org/springframework/spring-orm/5.0.7.RELEASE/spring-orm-5.0.7.RELEASE.jar:/home/ale/.m2/repository/org/springframework/spring-context/5.0.7.RELEASE/spring-context-5.0.7.RELEASE.jar:/home/ale/.m2/repository/org/springframework/spring-tx/5.0.7.RELEASE/spring-tx-5.0.7.RELEASE.jar:/home/ale/.m2/repository/org/springframework/spring-beans/5.0.7.RELEASE/spring-beans-5.0.7.RELEASE.jar:/home/ale/.m2/repository/org/slf4j/slf4j-api/1.7.25/slf4j-api-1.7.25.jar:/home/ale/.m2/repository/org/springframework/spring-aspects/5.0.7.RELEASE/spring-aspects-5.0.7.RELEASE.jar:/home/ale/.m2/repository/com/vaadin/vaadin-spring-boot-starter/10.0.1/vaadin-spring-boot-starter-10.0.1.jar:/home/ale/.m2/repository/com/vaadin/vaadin-spring/10.0.0/vaadin-spring-10.0.0.jar:/home/ale/.m2/repository/com/vaadin/flow-server/1.0.0/flow-server-1.0.0.jar:/home/ale/.m2/repository/com/google/gwt/gwt-elemental/2.8.2/gwt-elemental-2.8.2.jar:/home/ale/.m2/repository/commons-fileupload/commons-fileupload/1.3.3/commons-fileupload-1.3.3.jar:/home/ale/.m2/repository/commons-io/commons-io/2.5/commons-io-2.5.jar:/home/ale/.m2/repository/com/helger/ph-css/6.1.1/ph-css-6.1.1.jar:/home/ale/.m2/repository/com/helger/ph-commons/9.0.2/ph-commons-9.0.2.jar:/home/ale/.m2/repository/com/google/code/findbugs/jsr305/3.0.2/jsr305-3.0.2.jar:/home/ale/.m2/repository/com/vaadin/flow-push/1.0.0/flow-push-1.0.0.jar:/home/ale/.m2/repository/com/vaadin/external/atmosphere/atmosphere-runtime/2.4.24.vaadin1/atmosphere-runtime-2.4.24.vaadin1.jar:/home/ale/.m2/repository/com/vaadin/external/slf4j/vaadin-slf4j-jdk14/1.6.1/vaadin-slf4j-jdk14-1.6.1.jar:/home/ale/.m2/repository/com/vaadin/flow-client/1.0.0/flow-client-1.0.0.jar:/home/ale/.m2/repository/org/springframework/spring-websocket/5.0.7.RELEASE/spring-websocket-5.0.7.RELEASE.jar:/home/ale/.m2/repository/com/vaadin/vaadin-core/10.0.1/vaadin-core-10.0.1.jar:/home/ale/.m2/repository/com/vaadin/flow-html-components/1.0.0/flow-html-components-1.0.0.jar:/home/ale/.m2/repository/com/vaadin/flow-data/1.0.0/flow-data-1.0.0.jar:/home/ale/.m2/repository/com/vaadin/vaadin-lumo-theme/1.0.0/vaadin-lumo-theme-1.0.0.jar:/home/ale/.m2/repository/org/webjars/bowergithub/polymerelements/iron-flex-layout/2.0.3/iron-flex-layout-2.0.3.jar:/home/ale/.m2/repository/org/webjars/bowergithub/polymer/polymer/2.6.0/polymer-2.6.0.jar:/home/ale/.m2/repository/org/webjars/bowergithub/webcomponents/shadycss/1.2.1/shadycss-1.2.1.jar:/home/ale/.m2/repository/org/webjars/bowergithub/webcomponents/webcomponentsjs/1.2.0/webcomponentsjs-1.2.0.jar:/home/ale/.m2/repository/com/vaadin/vaadin-button-flow/1.0.0/vaadin-button-flow-1.0.0.jar:/home/ale/.m2/repository/org/webjars/bowergithub/vaadin/vaadin-button/2.0.1/vaadin-button-2.0.1.jar:/home/ale/.m2/repository/org/webjars/bowergithub/vaadin/vaadin-control-state-mixin/2.0.3/vaadin-control-state-mixin-2.0.3.jar:/home/ale/.m2/repository/org/webjars/bowergithub/vaadin/vaadin-element-mixin/1.0.2/vaadin-element-mixin-1.0.2.jar:/home/ale/.m2/repository/org/webjars/bowergithub/vaadin/vaadin-usage-statistics/1.0.8/vaadin-usage-statistics-1.0.8.jar:/home/ale/.m2/repository/org/webjars/bowergithub/vaadin/vaadin-development-mode-detector/1.0.3/vaadin-development-mode-detector-1.0.3.jar:/home/ale/.m2/repository/org/webjars/bowergithub/vaadin/vaadin-lumo-styles/1.2.0/vaadin-lumo-styles-1.2.0.jar:/home/ale/.m2/repository/org/webjars/bowergithub/vaadin/vaadin-themable-mixin/1.1.6/vaadin-themable-mixin-1.1.6.jar:/home/ale/.m2/repository/com/vaadin/vaadin-checkbox-flow/1.0.0/vaadin-checkbox-flow-1.0.0.jar:/home/ale/.m2/repository/org/webjars/bowergithub/vaadin/vaadin-checkbox/2.1.1/vaadin-checkbox-2.1.1.jar:/home/ale/.m2/repository/com/vaadin/vaadin-combo-box-flow/1.0.0/vaadin-combo-box-flow-1.0.0.jar:/home/ale/.m2/repository/org/webjars/bowergithub/vaadin/vaadin-combo-box/4.0.1/vaadin-combo-box-4.0.1.jar:/home/ale/.m2/repository/org/webjars/bowergithub/polymerelements/iron-resizable-behavior/2.1.0/iron-resizable-behavior-2.1.0.jar:/home/ale/.m2/repository/org/webjars/bowergithub/polymerelements/iron-a11y-announcer/2.1.0/iron-a11y-announcer-2.1.0.jar:/home/ale/.m2/repository/org/webjars/bowergithub/polymerelements/iron-a11y-keys-behavior/2.1.1/iron-a11y-keys-behavior-2.1.1.jar:/home/ale/.m2/repository/org/webjars/bowergithub/vaadin/vaadin-item/2.1.0/vaadin-item-2.1.0.jar:/home/ale/.m2/repository/org/webjars/bowergithub/vaadin/vaadin-material-styles/1.2.0/vaadin-material-styles-1.2.0.jar:/home/ale/.m2/repository/org/webjars/bowergithub/vaadin/vaadin-overlay/3.0.3/vaadin-overlay-3.0.3.jar:/home/ale/.m2/repository/org/webjars/bowergithub/polymerelements/iron-overlay-behavior/2.3.4/iron-overlay-behavior-2.3.4.jar:/home/ale/.m2/repository/org/webjars/bowergithub/polymerelements/iron-fit-behavior/2.2.0/iron-fit-behavior-2.2.0.jar:/home/ale/.m2/repository/com/vaadin/vaadin-date-picker-flow/1.0.0/vaadin-date-picker-flow-1.0.0.jar:/home/ale/.m2/repository/org/webjars/bowergithub/vaadin/vaadin-date-picker/3.0.2/vaadin-date-picker-3.0.2.jar:/home/ale/.m2/repository/org/webjars/bowergithub/polymerelements/iron-media-query/2.1.0/iron-media-query-2.1.0.jar:/home/ale/.m2/repository/com/vaadin/vaadin-dialog-flow/1.0.0/vaadin-dialog-flow-1.0.0.jar:/home/ale/.m2/repository/org/webjars/bowergithub/vaadin/vaadin-dialog/2.0.2/vaadin-dialog-2.0.2.jar:/home/ale/.m2/repository/com/vaadin/vaadin-form-layout-flow/1.0.0/vaadin-form-layout-flow-1.0.0.jar:/home/ale/.m2/repository/org/webjars/bowergithub/vaadin/vaadin-form-layout/2.0.1/vaadin-form-layout-2.0.1.jar:/home/ale/.m2/repository/com/vaadin/vaadin-grid-flow/1.0.0/vaadin-grid-flow-1.0.0.jar:/home/ale/.m2/repository/org/webjars/bowergithub/vaadin/vaadin-grid/5.0.4/vaadin-grid-5.0.4.jar:/home/ale/.m2/repository/org/webjars/bowergithub/polymerelements/iron-scroll-target-behavior/2.1.1/iron-scroll-target-behavior-2.1.1.jar:/home/ale/.m2/repository/org/apache/commons/commons-lang3/3.7/commons-lang3-3.7.jar:/home/ale/.m2/repository/com/vaadin/vaadin-icons-flow/1.0.0/vaadin-icons-flow-1.0.0.jar:/home/ale/.m2/repository/org/webjars/bowergithub/vaadin/vaadin-icons/4.1.4/vaadin-icons-4.1.4.jar:/home/ale/.m2/repository/org/webjars/bowergithub/polymerelements/iron-icon/2.1.0/iron-icon-2.1.0.jar:/home/ale/.m2/repository/org/webjars/bowergithub/polymerelements/iron-meta/2.1.1/iron-meta-2.1.1.jar:/home/ale/.m2/repository/org/webjars/bowergithub/polymerelements/iron-iconset-svg/2.2.1/iron-iconset-svg-2.2.1.jar:/home/ale/.m2/repository/com/vaadin/vaadin-iron-list-flow/1.0.0/vaadin-iron-list-flow-1.0.0.jar:/home/ale/.m2/repository/org/webjars/bowergithub/polymerelements/iron-list/2.0.12/iron-list-2.0.12.jar:/home/ale/.m2/repository/com/vaadin/vaadin-list-box-flow/1.0.0/vaadin-list-box-flow-1.0.0.jar:/home/ale/.m2/repository/org/webjars/bowergithub/vaadin/vaadin-list-box/1.0.2/vaadin-list-box-1.0.2.jar:/home/ale/.m2/repository/org/webjars/bowergithub/vaadin/vaadin-list-mixin/2.0.0/vaadin-list-mixin-2.0.0.jar:/home/ale/.m2/repository/com/vaadin/vaadin-ordered-layout-flow/1.0.0/vaadin-ordered-layout-flow-1.0.0.jar:/home/ale/.m2/repository/org/webjars/bowergithub/vaadin/vaadin-ordered-layout/1.0.2/vaadin-ordered-layout-1.0.2.jar:/home/ale/.m2/repository/com/vaadin/vaadin-progress-bar-flow/1.0.0/vaadin-progress-bar-flow-1.0.0.jar:/home/ale/.m2/repository/org/webjars/bowergithub/vaadin/vaadin-progress-bar/1.0.0/vaadin-progress-bar-1.0.0.jar:/home/ale/.m2/repository/com/vaadin/vaadin-radio-button-flow/1.0.0/vaadin-radio-button-flow-1.0.0.jar:/home/ale/.m2/repository/org/webjars/bowergithub/vaadin/vaadin-radio-button/1.0.1/vaadin-radio-button-1.0.1.jar:/home/ale/.m2/repository/com/vaadin/vaadin-split-layout-flow/1.0.0/vaadin-split-layout-flow-1.0.0.jar:/home/ale/.m2/repository/org/webjars/bowergithub/vaadin/vaadin-split-layout/4.0.0/vaadin-split-layout-4.0.0.jar:/home/ale/.m2/repository/com/vaadin/vaadin-tabs-flow/1.0.0/vaadin-tabs-flow-1.0.0.jar:/home/ale/.m2/repository/org/webjars/bowergithub/vaadin/vaadin-tabs/2.0.0/vaadin-tabs-2.0.0.jar:/home/ale/.m2/repository/com/vaadin/vaadin-text-field-flow/1.0.0/vaadin-text-field-flow-1.0.0.jar:/home/ale/.m2/repository/org/webjars/bowergithub/vaadin/vaadin-text-field/2.0.1/vaadin-text-field-2.0.1.jar:/home/ale/.m2/repository/com/vaadin/vaadin-upload-flow/1.0.0/vaadin-upload-flow-1.0.0.jar:/home/ale/.m2/repository/org/webjars/bowergithub/vaadin/vaadin-upload/4.0.0/vaadin-upload-4.0.0.jar:/home/ale/.m2/repository/com/vaadin/vaadin-notification-flow/1.0.0/vaadin-notification-flow-1.0.0.jar:/home/ale/.m2/repository/org/webjars/bowergithub/vaadin/vaadin-notification/1.0.0/vaadin-notification-1.0.0.jar:/home/ale/.m2/repository/com/h2database/h2/1.4.197/h2-1.4.197.jar:/home/ale/.m2/repository/org/springframework/boot/spring-boot-starter-test/2.0.3.RELEASE/spring-boot-starter-test-2.0.3.RELEASE.jar:/home/ale/.m2/repository/org/springframework/boot/spring-boot-test/2.0.3.RELEASE/spring-boot-test-2.0.3.RELEASE.jar:/home/ale/.m2/repository/org/springframework/boot/spring-boot-test-autoconfigure/2.0.3.RELEASE/spring-boot-test-autoconfigure-2.0.3.RELEASE.jar:/home/ale/.m2/repository/com/jayway/jsonpath/json-path/2.4.0/json-path-2.4.0.jar:/home/ale/.m2/repository/net/minidev/json-smart/2.3/json-smart-2.3.jar:/home/ale/.m2/repository/net/minidev/accessors-smart/1.2/accessors-smart-1.2.jar:/home/ale/.m2/repository/org/ow2/asm/asm/5.0.4/asm-5.0.4.jar:/home/ale/.m2/repository/junit/junit/4.12/junit-4.12.jar:/home/ale/.m2/repository/org/assertj/assertj-core/3.9.1/assertj-core-3.9.1.jar:/home/ale/.m2/repository/org/mockito/mockito-core/2.15.0/mockito-core-2.15.0.jar:/home/ale/.m2/repository/net/bytebuddy/byte-buddy/1.7.11/byte-buddy-1.7.11.jar:/home/ale/.m2/repository/net/bytebuddy/byte-buddy-agent/1.7.11/byte-buddy-agent-1.7.11.jar:/home/ale/.m2/repository/org/objenesis/objenesis/2.6/objenesis-2.6.jar:/home/ale/.m2/repository/org/hamcrest/hamcrest-core/1.3/hamcrest-core-1.3.jar:/home/ale/.m2/repository/org/hamcrest/hamcrest-library/1.3/hamcrest-library-1.3.jar:/home/ale/.m2/repository/org/skyscreamer/jsonassert/1.5.0/jsonassert-1.5.0.jar:/home/ale/.m2/repository/com/vaadin/external/google/android-json/0.0.20131108.vaadin1/android-json-0.0.20131108.vaadin1.jar:/home/ale/.m2/repository/org/springframework/spring-core/5.0.7.RELEASE/spring-core-5.0.7.RELEASE.jar:/home/ale/.m2/repository/org/springframework/spring-jcl/5.0.7.RELEASE/spring-jcl-5.0.7.RELEASE.jar:/home/ale/.m2/repository/org/springframework/spring-test/5.0.7.RELEASE/spring-test-5.0.7.RELEASE.jar:/home/ale/.m2/repository/org/xmlunit/xmlunit-core/2.5.1/xmlunit-core-2.5.1.jar:/home/ale/.m2/repository/mysql/mysql-connector-java/5.1.46/mysql-connector-java-5.1.46.jar:/home/ale/.m2/repository/javax/xml/bind/jaxb-api/2.2.11/jaxb-api-2.2.11.jar:/home/ale/.m2/repository/com/sun/xml/bind/jaxb-core/2.2.11/jaxb-core-2.2.11.jar:/home/ale/.m2/repository/com/sun/xml/bind/jaxb-impl/2.2.11/jaxb-impl-2.2.11.jar:/home/ale/.m2/repository/javax/activation/activation/1.1.1/activation-1.1.1.jar:/home/ale/.m2/repository/org/springframework/boot/spring-boot-starter-web/2.0.3.RELEASE/spring-boot-starter-web-2.0.3.RELEASE.jar:/home/ale/.m2/repository/org/springframework/boot/spring-boot-starter-json/2.0.3.RELEASE/spring-boot-starter-json-2.0.3.RELEASE.jar:/home/ale/.m2/repository/com/fasterxml/jackson/core/jackson-databind/2.9.6/jackson-databind-2.9.6.jar:/home/ale/.m2/repository/com/fasterxml/jackson/core/jackson-annotations/2.9.0/jackson-annotations-2.9.0.jar:/home/ale/.m2/repository/com/fasterxml/jackson/core/jackson-core/2.9.6/jackson-core-2.9.6.jar:/home/ale/.m2/repository/com/fasterxml/jackson/datatype/jackson-datatype-jdk8/2.9.6/jackson-datatype-jdk8-2.9.6.jar:/home/ale/.m2/repository/com/fasterxml/jackson/datatype/jackson-datatype-jsr310/2.9.6/jackson-datatype-jsr310-2.9.6.jar:/home/ale/.m2/repository/com/fasterxml/jackson/module/jackson-module-parameter-names/2.9.6/jackson-module-parameter-names-2.9.6.jar:/home/ale/.m2/repository/org/hibernate/validator/hibernate-validator/6.0.10.Final/hibernate-validator-6.0.10.Final.jar:/home/ale/.m2/repository/javax/validation/validation-api/2.0.1.Final/validation-api-2.0.1.Final.jar:/home/ale/.m2/repository/org/springframework/spring-web/5.0.7.RELEASE/spring-web-5.0.7.RELEASE.jar:/home/ale/.m2/repository/org/springframework/spring-webmvc/5.0.7.RELEASE/spring-webmvc-5.0.7.RELEASE.jar:/home/ale/.m2/repository/org/springframework/spring-expression/5.0.7.RELEASE/spring-expression-5.0.7.RELEASE.jar:/home/ale/.m2/repository/org/springframework/boot/spring-boot-starter-tomcat/2.0.3.RELEASE/spring-boot-starter-tomcat-2.0.3.RELEASE.jar:/home/ale/.m2/repository/javax/annotation/javax.annotation-api/1.3.2/javax.annotation-api-1.3.2.jar:/home/ale/.m2/repository/org/apache/tomcat/embed/tomcat-embed-core/8.5.31/tomcat-embed-core-8.5.31.jar:/home/ale/.m2/repository/org/apache/tomcat/embed/tomcat-embed-el/8.5.31/tomcat-embed-el-8.5.31.jar:/home/ale/.m2/repository/org/apache/tomcat/embed/tomcat-embed-websocket/8.5.31/tomcat-embed-websocket-8.5.31.jar:/home/ale/.m2/repository/org/vaadin/teemusa/sidemenu/2.0.0/sidemenu-2.0.0.jar:/home/ale/.m2/repository/com/vaadin/vaadin-server/8.0.5/vaadin-server-8.0.5.jar:/home/ale/.m2/repository/com/vaadin/vaadin-sass-compiler/0.9.13/vaadin-sass-compiler-0.9.13.jar:/home/ale/.m2/repository/org/w3c/css/sac/1.3/sac-1.3.jar:/home/ale/.m2/repository/com/vaadin/external/flute/flute/1.3.0.gg2/flute-1.3.0.gg2.jar:/home/ale/.m2/repository/com/vaadin/vaadin-shared/8.0.5/vaadin-shared-8.0.5.jar:/home/ale/.m2/repository/org/jsoup/jsoup/1.8.3/jsoup-1.8.3.jar:/home/ale/.m2/repository/com/googlecode/gentyref/gentyref/1.2.0/gentyref-1.2.0.jar:, user.name=ale, java.vm.specification.version=1.8, sun.java.command=/home/ale/git/gs-crud-with-vaadin/complete/target/surefire/surefirebooter7859546078045356240.jar /home/ale/git/gs-crud-with-vaadin/complete/target/surefire 2018-10-08T22-13-14_412-jvmRun1 surefire3002815479227374198tmp surefire_03142628039783338347tmp, java.home=/usr/lib/jvm/java-8-oracle/jre, sun.arch.data.model=64, user.language=es, java.specification.vendor=Oracle Corporation, awt.toolkit=sun.awt.X11.XToolkit, java.vm.info=mixed mode, java.version=1.8.0_181, java.ext.dirs=/usr/lib/jvm/java-8-oracle/jre/lib/ext:/usr/java/packages/lib/ext, sun.boot.class.path=/usr/lib/jvm/java-8-oracle/jre/lib/resources.jar:/usr/lib/jvm/java-8-oracle/jre/lib/rt.jar:/usr/lib/jvm/java-8-oracle/jre/lib/sunrsasign.jar:/usr/lib/jvm/java-8-oracle/jre/lib/jsse.jar:/usr/lib/jvm/java-8-oracle/jre/lib/jce.jar:/usr/lib/jvm/java-8-oracle/jre/lib/charsets.jar:/usr/lib/jvm/java-8-oracle/jre/lib/jfr.jar:/usr/lib/jvm/java-8-oracle/jre/classes, java.vendor=Oracle Corporation, localRepository=/home/ale/.m2/repository, file.separator=/, java.vendor.url.bug=http://bugreport.sun.com/bugreport/, sun.io.unicode.encoding=UnicodeLittle, sun.cpu.endian=little, sun.desktop=gnome, sun.cpu.isalist=}}, SystemEnvironmentPropertySource@224060798 {name='systemEnvironment', properties={PATH=/usr/local/sbin:/usr/local/bin:/usr/sbin:/usr/bin:/sbin:/bin:/usr/games:/usr/local/games:/snap/bin:/usr/lib/jvm/java-8-oracle/bin:/usr/lib/jvm/java-8-oracle/db/bin:/usr/lib/jvm/java-8-oracle/jre/bin, XAUTHORITY=/home/ale/.Xauthority, XDG_DATA_DIRS=/usr/share/cinnamon:/usr/share/gnome:/home/ale/.local/share/flatpak/exports/share:/var/lib/flatpak/exports/share:/usr/local/share:/usr/share:/var/lib/snapd/desktop, GDMSESSION=cinnamon, MANDATORY_PATH=/usr/share/gconf/cinnamon.mandatory.path, SNAP_COMMON=/var/snap/eclipse/common, SNAP_USER_COMMON=/home/ale/snap/eclipse/common, DBUS_SESSION_BUS_ADDRESS=unix:path=/run/user/1000/bus, DEFAULTS_PATH=/usr/share/gconf/cinnamon.default.path, SNAP_REVISION=29, XDG_CURRENT_DESKTOP=X-Cinnamon, SSH_AGENT_PID=1543, SESSION_MANAGER=local/ale-UX330UAK:@/tmp/.ICE-unix/1479,unix/ale-UX330UAK:/tmp/.ICE-unix/1479, LOGNAME=ale, PWD=/home/ale/git/gs-crud-with-vaadin/complete, DERBY_HOME=/usr/lib/jvm/java-8-oracle/db, LANGUAGE=es_AR:es, GJS_DEBUG_TOPICS=JS ERROR;JS LOG, SHELL=/bin/bash, GIO_LAUNCHED_DESKTOP_FILE=/home/ale/.local/share/applications/eclipse_eclipse.desktop, J2SDKDIR=/usr/lib/jvm/java-8-oracle, SNAP_INSTANCE_USER_COMMON=/home/ale/snap/eclipse/common, SNAP_INSTANCE=/snap/eclipse/29, OLDPWD=/home/ale/git/gs-crud-with-vaadin/complete, BAMF_DESKTOP_FILE_HINT=/var/lib/snapd/desktop/applications/eclipse_eclipse.desktop, GNOME_DESKTOP_SESSION_ID=this-is-deprecated, GTK_MODULES=gail:atk-bridge, J2REDIR=/usr/lib/jvm/java-8-oracle/jre, XDG_SESSION_PATH=/org/freedesktop/DisplayManager/Session0, SNAP_ARCH=amd64, SNAP_INSTANCE_COMMON=/var/snap/eclipse/common, XDG_SESSION_DESKTOP=cinnamon, SNAP_LIBRARY_PATH=/var/lib/snapd/lib/gl:/var/lib/snapd/lib/gl32:/var/lib/snapd/void, SHLVL=0, OXYGEN_DISABLE_INNER_SHADOWS_HACK=1, SNAP_NAME=eclipse, SNAP_INSTANCE_USER_DATA=/home/ale/snap/eclipse/29, JAVA_HOME=/usr/lib/jvm/java-8-oracle, XDG_CONFIG_DIRS=/etc/xdg/xdg-cinnamon:/etc/xdg, LANG=es_AR.UTF-8, SNAP_INSTANCE_NAME=eclipse, XDG_SEAT_PATH=/org/freedesktop/DisplayManager/Seat0, XDG_SESSION_ID=c2, XDG_SESSION_TYPE=x11, SNAP_USER_DATA=/home/ale/snap/eclipse/29, DISPLAY=:0, SNAP_REEXEC=, SNAP_INSTANCE_DATA=/var/snap/eclipse/29, SNAP_VERSION=4.8.0, CINNAMON_VERSION=3.8.8, SNAP_DATA=/var/snap/eclipse/29, GDM_LANG=es_AR, XDG_GREETER_DATA_DIR=/var/lib/lightdm-data/ale, LIBOVERLAY_SCROLLBAR=0, GPG_AGENT_INFO=/run/user/1000/gnupg/S.gpg-agent:0:1, GDK_CORE_DEVICE_EVENTS=1, DESKTOP_SESSION=cinnamon, SNAP=/snap/eclipse/29, USER=ale, GIO_LAUNCHED_DESKTOP_FILE_PID=2755, QT_ACCESSIBILITY=1, GJS_DEBUG_OUTPUT=stderr, SSH_AUTH_SOCK=/run/user/1000/keyring/ssh, XDG_SEAT=seat0, GTK_OVERLAY_SCROLLING=1, QT_QPA_PLATFORMTHEME=qt5ct, SNAP_CONTEXT=9kNG750S9lCwfR4TNFbV41QNFY6WjdrYj90NtHW5gbCs, XDG_VTNR=7, XDG_RUNTIME_DIR=/run/user/1000/snap.eclipse, SNAP_COOKIE=9kNG750S9lCwfR4TNFbV41QNFY6WjdrYj90NtHW5gbCs, HOME=/home/ale}}]
22:13:17.100 [main] DEBUG org.springframework.test.context.support.TestPropertySourceUtils - Adding inlined properties to environment: {spring.jmx.enabled=false, org.springframework.boot.test.context.SpringBootTestContextBootstrapper=true, server.port=-1}
22:13:17.101 [main] DEBUG org.springframework.core.env.StandardEnvironment - Adding PropertySource 'Inlined Test Properties' with highest search precedence

  .   ____          _            __ _ _
 /\\ / ___'_ __ _ _(_)_ __  __ _ \ \ \ \
( ( )\___ | '_ | '_| | '_ \/ _` | \ \ \ \
 \\/  ___)| |_)| | | | | || (_| |  ) ) ) )
  '  |____| .__|_| |_|_| |_\__, | / / / /
 =========|_|==============|___/=/_/_/_/
 :: Spring Boot ::        (v2.0.3.RELEASE)

2018-10-08 22:13:17.729  INFO 4776 --- [           main] hello.MainViewTests                      : Starting MainViewTests on ale-UX330UAK with PID 4776 (started by ale in /home/ale/git/gs-crud-with-vaadin/complete)
2018-10-08 22:13:17.733  INFO 4776 --- [           main] hello.MainViewTests                      : No active profile set, falling back to default profiles: default
2018-10-08 22:13:17.787  INFO 4776 --- [           main] s.c.a.AnnotationConfigApplicationContext : Refreshing org.springframework.context.annotation.AnnotationConfigApplicationContext@54afd745: startup date [Mon Oct 08 22:13:17 ART 2018]; root of context hierarchy
2018-10-08 22:13:19.940  INFO 4776 --- [           main] com.zaxxer.hikari.HikariDataSource       : HikariPool-1 - Starting...
2018-10-08 22:13:20.244  INFO 4776 --- [           main] com.zaxxer.hikari.HikariDataSource       : HikariPool-1 - Start completed.
2018-10-08 22:13:20.311  INFO 4776 --- [           main] j.LocalContainerEntityManagerFactoryBean : Building JPA container EntityManagerFactory for persistence unit 'default'
2018-10-08 22:13:20.342  INFO 4776 --- [           main] o.hibernate.jpa.internal.util.LogHelper  : HHH000204: Processing PersistenceUnitInfo [
	name: default
	...]
2018-10-08 22:13:20.558  INFO 4776 --- [           main] org.hibernate.Version                    : HHH000412: Hibernate Core {5.2.17.Final}
2018-10-08 22:13:20.561  INFO 4776 --- [           main] org.hibernate.cfg.Environment            : HHH000206: hibernate.properties not found
2018-10-08 22:13:20.637  INFO 4776 --- [           main] o.hibernate.annotations.common.Version   : HCANN000001: Hibernate Commons Annotations {5.0.1.Final}
2018-10-08 22:13:20.830  INFO 4776 --- [           main] org.hibernate.dialect.Dialect            : HHH000400: Using dialect: org.hibernate.dialect.MySQL5Dialect
2018-10-08 22:13:21.605  INFO 4776 --- [           main] j.LocalContainerEntityManagerFactoryBean : Initialized JPA EntityManagerFactory for persistence unit 'default'
2018-10-08 22:13:23.132  INFO 4776 --- [           main] hello.MainViewTests                      : Started MainViewTests in 6.015 seconds (JVM running for 8.258)
]]></system-out>
    <system-err><![CDATA[Mon Oct 08 22:13:20 ART 2018 WARN: Establishing SSL connection without server's identity verification is not recommended. According to MySQL 5.5.45+, 5.6.26+ and 5.7.6+ requirements SSL connection must be established by default if explicit option isn't set. For compliance with existing applications not using SSL the verifyServerCertificate property is set to 'false'. You need either to explicitly disable SSL by setting useSSL=false, or set useSSL=true and provide truststore for server certificate verification.
Mon Oct 08 22:13:20 ART 2018 WARN: Establishing SSL connection without server's identity verification is not recommended. According to MySQL 5.5.45+, 5.6.26+ and 5.7.6+ requirements SSL connection must be established by default if explicit option isn't set. For compliance with existing applications not using SSL the verifyServerCertificate property is set to 'false'. You need either to explicitly disable SSL by setting useSSL=false, or set useSSL=true and provide truststore for server certificate verification.
Mon Oct 08 22:13:20 ART 2018 WARN: Establishing SSL connection without server's identity verification is not recommended. According to MySQL 5.5.45+, 5.6.26+ and 5.7.6+ requirements SSL connection must be established by default if explicit option isn't set. For compliance with existing applications not using SSL the verifyServerCertificate property is set to 'false'. You need either to explicitly disable SSL by setting useSSL=false, or set useSSL=true and provide truststore for server certificate verification.
Mon Oct 08 22:13:20 ART 2018 WARN: Establishing SSL connection without server's identity verification is not recommended. According to MySQL 5.5.45+, 5.6.26+ and 5.7.6+ requirements SSL connection must be established by default if explicit option isn't set. For compliance with existing applications not using SSL the verifyServerCertificate property is set to 'false'. You need either to explicitly disable SSL by setting useSSL=false, or set useSSL=true and provide truststore for server certificate verification.
Mon Oct 08 22:13:20 ART 2018 WARN: Establishing SSL connection without server's identity verification is not recommended. According to MySQL 5.5.45+, 5.6.26+ and 5.7.6+ requirements SSL connection must be established by default if explicit option isn't set. For compliance with existing applications not using SSL the verifyServerCertificate property is set to 'false'. You need either to explicitly disable SSL by setting useSSL=false, or set useSSL=true and provide truststore for server certificate verification.
Mon Oct 08 22:13:20 ART 2018 WARN: Establishing SSL connection without server's identity verification is not recommended. According to MySQL 5.5.45+, 5.6.26+ and 5.7.6+ requirements SSL connection must be established by default if explicit option isn't set. For compliance with existing applications not using SSL the verifyServerCertificate property is set to 'false'. You need either to explicitly disable SSL by setting useSSL=false, or set useSSL=true and provide truststore for server certificate verification.
Mon Oct 08 22:13:20 ART 2018 WARN: Establishing SSL connection without server's identity verification is not recommended. According to MySQL 5.5.45+, 5.6.26+ and 5.7.6+ requirements SSL connection must be established by default if explicit option isn't set. For compliance with existing applications not using SSL the verifyServerCertificate property is set to 'false'. You need either to explicitly disable SSL by setting useSSL=false, or set useSSL=true and provide truststore for server certificate verification.
Mon Oct 08 22:13:20 ART 2018 WARN: Establishing SSL connection without server's identity verification is not recommended. According to MySQL 5.5.45+, 5.6.26+ and 5.7.6+ requirements SSL connection must be established by default if explicit option isn't set. For compliance with existing applications not using SSL the verifyServerCertificate property is set to 'false'. You need either to explicitly disable SSL by setting useSSL=false, or set useSSL=true and provide truststore for server certificate verification.
Mon Oct 08 22:13:20 ART 2018 WARN: Establishing SSL connection without server's identity verification is not recommended. According to MySQL 5.5.45+, 5.6.26+ and 5.7.6+ requirements SSL connection must be established by default if explicit option isn't set. For compliance with existing applications not using SSL the verifyServerCertificate property is set to 'false'. You need either to explicitly disable SSL by setting useSSL=false, or set useSSL=true and provide truststore for server certificate verification.
Mon Oct 08 22:13:20 ART 2018 WARN: Establishing SSL connection without server's identity verification is not recommended. According to MySQL 5.5.45+, 5.6.26+ and 5.7.6+ requirements SSL connection must be established by default if explicit option isn't set. For compliance with existing applications not using SSL the verifyServerCertificate property is set to 'false'. You need either to explicitly disable SSL by setting useSSL=false, or set useSSL=true and provide truststore for server certificate verification.
]]></system-err>
  </testcase>
  <testcase name="shouldFillOutTheGridWithNewData" classname="hello.MainViewTests" time="0.005">
    <error type="java.lang.NullPointerException">java.lang.NullPointerException
	at hello.MainViewTests.setup(MainViewTests.java:39)
</error>
  </testcase>
  <testcase name="shouldInitializeTheGridWithCustomerRepositoryData" classname="hello.MainViewTests" time="0.007">
    <error type="java.lang.NullPointerException">java.lang.NullPointerException
	at hello.MainViewTests.setup(MainViewTests.java:39)
</error>
  </testcase>
  <testcase name="shouldMakeEditorVisible" classname="hello.MainViewTests" time="0.01">
    <error type="java.lang.NullPointerException">java.lang.NullPointerException
	at hello.MainViewTests.setup(MainViewTests.java:39)
</error>
  </testcase>
  <testcase name="shouldFilterOutTheGridWithTheProvidedLastName" classname="hello.MainViewTests" time="0.005">
    <error type="java.lang.NullPointerException">java.lang.NullPointerException
	at hello.MainViewTests.setup(MainViewTests.java:39)
</error>
  </testcase>
</testsuite>